#
# There is insufficient memory for the Java Runtime Environment to continue.
# Native memory allocation (malloc) failed to allocate 1048576 bytes for AllocateHeap
# Possible reasons:
#   The system is out of physical RAM or swap space
#   The process is running with CompressedOops enabled, and the Java Heap may be blocking the growth of the native heap
# Possible solutions:
#   Reduce memory load on the system
#   Increase physical memory or swap space
#   Check if swap backing store is full
#   Decrease Java heap size (-Xmx/-Xms)
#   Decrease number of Java threads
#   Decrease Java thread stack sizes (-Xss)
#   Set larger code cache with -XX:ReservedCodeCacheSize=
#   JVM is running with Unscaled Compressed Oops mode in which the Java heap is
#     placed in the first 4GB address space. The Java Heap base address is the
#     maximum limit for the native heap growth. Please use -XX:HeapBaseMinAddress
#     to set the Java Heap base and to place the Java Heap above 4GB virtual address.
# This output file may be truncated or incomplete.
#
#  Out of Memory Error (t:/workspace/open/src/hotspot/share/memory/allocation.cpp:46), pid=904, tid=6472
#
# JRE version:  (11.0.5+10) (build )
# Java VM: Java HotSpot(TM) 64-Bit Server VM (11.0.5+10-LTS, mixed mode, aot, sharing, tiered, compressed oops, g1 gc, windows-amd64)
# No core dump will be written. Minidumps are not enabled by default on client versions of Windows
#

---------------  S U M M A R Y ------------

Command Line: -javaagent:C:\Program Files\JetBrains\IntelliJ IDEA Community Edition 2022.1.3\lib\idea_rt.jar=54528:C:\Program Files\JetBrains\IntelliJ IDEA Community Edition 2022.1.3\bin -Dfile.encoding=UTF-8 com.tgt.rysetii.learningresourcesapi.LearningresourcesApiApplication

Host: Intel(R) Core(TM) i5-8250U CPU @ 1.60GHz, 8 cores, 3G,  Windows 10 , 64 bit Build 22000 (10.0.22000.708)
Time: Sat Jul 23 20:41:29 2022 India Standard Time elapsed time: 0 seconds (0d 0h 0m 0s)

---------------  T H R E A D  ---------------

Current thread (0x000002266a158800):  JavaThread "Unknown thread" [_thread_in_vm, id=6472, stack(0x000000db5d200000,0x000000db5d300000)]

Stack: [0x000000db5d200000,0x000000db5d300000]
Native frames: (J=compiled Java code, j=interpreted, Vv=VM code, C=native code)
V  [jvm.dll+0x63611a]
V  [jvm.dll+0x77426f]
V  [jvm.dll+0x77591a]
V  [jvm.dll+0x775fd3]
V  [jvm.dll+0x25e608]
V  [jvm.dll+0xb9964]
V  [jvm.dll+0x2ed8c3]
V  [jvm.dll+0x74d427]
V  [jvm.dll+0x74ebaf]
V  [jvm.dll+0x3734f9]
V  [jvm.dll+0x733ae9]
V  [jvm.dll+0x3e2e1d]
V  [jvm.dll+0x3e51e1]
C  [java.exe+0x3607]
C  [java.exe+0x178dc]
C  [KERNEL32.DLL+0x154e0]
C  [ntdll.dll+0x485b]


---------------  P R O C E S S  ---------------

Threads class SMR info:
_java_thread_list=0x0000022669fbf080, length=0, elements={
}

Java Threads: ( => current thread )

Other Threads:

[error occurred during error reporting (printing all threads), id 0xc0000005, EXCEPTION_ACCESS_VIOLATION (0xc0000005) at pc=0x00007fff9713888d]

VM state:not at safepoint (not fully initialized)

VM Mutex/Monitor currently owned by a thread: None


[error occurred during error reporting (printing compressed oops mode), id 0xc0000005, EXCEPTION_ACCESS_VIOLATION (0xc0000005) at pc=0x00007fff9714e217]

GC Heap History (0 events):
No events

Deoptimization events (0 events):
No events

Classes redefined (0 events):
No events

Internal exceptions (0 events):
No events

Events (0 events):
No events


Dynamic libraries:
0x00007ff6d1130000 - 0x00007ff6d1177000 	C:\Program Files\Java\jdk-11.0.5\bin\java.exe
0x00007fffe48e0000 - 0x00007fffe4ae9000 	C:\WINDOWS\SYSTEM32\ntdll.dll
0x00007fffe34a0000 - 0x00007fffe355d000 	C:\WINDOWS\System32\KERNEL32.DLL
0x00007fffe1e60000 - 0x00007fffe21d9000 	C:\WINDOWS\System32\KERNELBASE.dll
0x00007fffe3010000 - 0x00007fffe30be000 	C:\WINDOWS\System32\ADVAPI32.dll
0x00007fffe2c80000 - 0x00007fffe2d23000 	C:\WINDOWS\System32\msvcrt.dll
0x00007fffe2d90000 - 0x00007fffe2e2e000 	C:\WINDOWS\System32\sechost.dll
0x00007fffe31e0000 - 0x00007fffe3300000 	C:\WINDOWS\System32\RPCRT4.dll
0x00007fffe2770000 - 0x00007fffe291c000 	C:\WINDOWS\System32\USER32.dll
0x00007fffe1e30000 - 0x00007fffe1e56000 	C:\WINDOWS\System32\win32u.dll
0x00007fffe3470000 - 0x00007fffe3499000 	C:\WINDOWS\System32\GDI32.dll
0x00007fffe24f0000 - 0x00007fffe2602000 	C:\WINDOWS\System32\gdi32full.dll
0x00007fffe26d0000 - 0x00007fffe276d000 	C:\WINDOWS\System32\msvcp_win.dll
0x00007fffe21e0000 - 0x00007fffe22f1000 	C:\WINDOWS\System32\ucrtbase.dll
0x00007fffca3e0000 - 0x00007fffca685000 	C:\WINDOWS\WinSxS\amd64_microsoft.windows.common-controls_6595b64144ccf1df_6.0.22000.120_none_9d947278b86cc467\COMCTL32.dll
0x00007fffda850000 - 0x00007fffda85a000 	C:\WINDOWS\SYSTEM32\VERSION.dll
0x00007fffe47c0000 - 0x00007fffe47f1000 	C:\WINDOWS\System32\IMM32.DLL
0x00007fffbfdd0000 - 0x00007fffbfde6000 	C:\Program Files\Java\jdk-11.0.5\bin\vcruntime140.dll
0x00007fffa8bd0000 - 0x00007fffa8c7a000 	C:\Program Files\Java\jdk-11.0.5\bin\msvcp140.dll
0x00007fff96a00000 - 0x00007fff97528000 	C:\Program Files\Java\jdk-11.0.5\bin\server\jvm.dll
0x00007fffe2c70000 - 0x00007fffe2c78000 	C:\WINDOWS\System32\PSAPI.DLL
0x00007fffdd250000 - 0x00007fffdd283000 	C:\WINDOWS\SYSTEM32\WINMM.dll
0x00007fffcbc00000 - 0x00007fffcbc09000 	C:\WINDOWS\SYSTEM32\WSOCK32.dll
0x00007fffe3a30000 - 0x00007fffe3a9f000 	C:\WINDOWS\System32\WS2_32.dll
0x00007fffe0fb0000 - 0x00007fffe0fc8000 	C:\WINDOWS\SYSTEM32\kernel.appcore.dll
0x00007fffbf550000 - 0x00007fffbf561000 	C:\Program Files\Java\jdk-11.0.5\bin\verify.dll
0x00007fffdfa20000 - 0x00007fffdfc41000 	C:\WINDOWS\SYSTEM32\DBGHELP.DLL
0x00007fffcbb90000 - 0x00007fffcbbc1000 	C:\WINDOWS\SYSTEM32\dbgcore.DLL
0x00007fffe2300000 - 0x00007fffe237f000 	C:\WINDOWS\System32\bcryptPrimitives.dll
0x00007fffbd340000 - 0x00007fffbd369000 	C:\Program Files\Java\jdk-11.0.5\bin\java.dll
0x00007fffc73e0000 - 0x00007fffc740f000 	C:\Program Files\Java\jdk-11.0.5\bin\instrument.dll
0x00007fffba730000 - 0x00007fffba746000 	C:\Program Files\Java\jdk-11.0.5\bin\zip.dll
0x00007fffd3ab0000 - 0x00007fffd3aba000 	C:\Program Files\Java\jdk-11.0.5\bin\jimage.dll

dbghelp: loaded successfully - version: 4.0.5 - missing functions: none
symbol engine: initialized successfully - sym options: 0x614 - pdb path: .;C:\Program Files\Java\jdk-11.0.5\bin;C:\WINDOWS\SYSTEM32;C:\WINDOWS\WinSxS\amd64_microsoft.windows.common-controls_6595b64144ccf1df_6.0.22000.120_none_9d947278b86cc467;C:\Program Files\Java\jdk-11.0.5\bin\server

VM Arguments:
jvm_args: -javaagent:C:\Program Files\JetBrains\IntelliJ IDEA Community Edition 2022.1.3\lib\idea_rt.jar=54528:C:\Program Files\JetBrains\IntelliJ IDEA Community Edition 2022.1.3\bin -Dfile.encoding=UTF-8 
java_command: com.tgt.rysetii.learningresourcesapi.LearningresourcesApiApplication
java_class_path (initial): F:\java\learningresources-api\build\classes\java\main;F:\java\learningresources-api\build\resources\main;C:\Users\lenovo\.gradle\caches\modules-2\files-2.1\org.springframework.boot\spring-boot-starter-web\2.7.1\29f47f503f9955b1a9746870aeaebdba448416d\spring-boot-starter-web-2.7.1.jar;C:\Users\lenovo\.gradle\caches\modules-2\files-2.1\org.springframework.boot\spring-boot-starter-data-jpa\2.7.1\39e98264c195a06c8c29a63c24b6ce295ca10795\spring-boot-starter-data-jpa-2.7.1.jar;C:\Users\lenovo\.gradle\caches\modules-2\files-2.1\org.springframework.boot\spring-boot-starter\2.7.1\48f7e04459ccc16d3532bfc486c1b6d629e6e0fc\spring-boot-starter-2.7.1.jar;C:\Users\lenovo\.gradle\caches\modules-2\files-2.1\org.springframework.boot\spring-boot-starter-json\2.7.1\711889df8474d7f0271b1e25cd75a9249e0a4621\spring-boot-starter-json-2.7.1.jar;C:\Users\lenovo\.gradle\caches\modules-2\files-2.1\org.springframework.boot\spring-boot-starter-tomcat\2.7.1\c99fe94b685f1707907afb84ecb998ac13271ead\spring-boot-starter-tomcat-2.7.1.jar;C:\Users\lenovo\.gradle\caches\modules-2\files-2.1\org.springframework\spring-webmvc\5.3.21\a62db425cc29c48e138846e706ca37acb138ca13\spring-webmvc-5.3.21.jar;C:\Users\lenovo\.gradle\caches\modules-2\files-2.1\org.springframework\spring-web\5.3.21\317aadd37f70ba34ff93d068343e3110b5dcf2f\spring-web-5.3.21.jar;C:\Users\lenovo\.gradle\caches\modules-2\files-2.1\org.springframework.boot\spring-boot-starter-aop\2.7.1\e7c78497e3528ae3037c723259b4b0944994f03\spring-boot-starter-aop-2.7.1.jar;C:\Users\lenovo\.gradle\caches\modules-2\files-2.1\org.springframework.boot\spring-boot-starter-jdbc\2.7.1\bba8a72a8042cec0b7961f11b0b3332724f5845e\spring-boot-starter-jdbc-2.7.1.jar;C:\Users\lenovo\.gradle\caches\modules-2\files-2.1\org.springframework.data\spring-data-jpa\2.7.1\9cbefcab47d47a64afeca24b5fbe7328dd08ef9b\spring-data-jpa-2.7.1.jar;C:\Users\lenovo\.gradle\caches\modules-2\files-2.1\jakarta.transaction\jakarta.transaction-api\1.3.3\c4179d48720a1e
Launcher Type: SUN_STANDARD

[Global flags]
     intx CICompilerCount                          = 4                                         {product} {ergonomic}
     uint G1ConcRefinementThreads                  = 8                                         {product} {ergonomic}
   size_t G1HeapRegionSize                         = 1048576                                   {product} {ergonomic}
    uintx GCDrainStackTargetSize                   = 64                                        {product} {ergonomic}
   size_t InitialHeapSize                          = 67108864                                  {product} {ergonomic}
   size_t MaxHeapSize                              = 1050673152                                {product} {ergonomic}
   size_t MinHeapDeltaBytes                        = 1048576                                   {product} {ergonomic}
    uintx NonNMethodCodeHeapSize                   = 5836300                                {pd product} {ergonomic}
    uintx NonProfiledCodeHeapSize                  = 122910970                              {pd product} {ergonomic}
    uintx ProfiledCodeHeapSize                     = 122910970                              {pd product} {ergonomic}
    uintx ReservedCodeCacheSize                    = 251658240                              {pd product} {ergonomic}
     bool SegmentedCodeCache                       = true                                      {product} {ergonomic}
     bool UseCompressedClassPointers               = true                                 {lp64_product} {ergonomic}
     bool UseCompressedOops                        = true                                 {lp64_product} {ergonomic}
     bool UseG1GC                                  = true                                      {product} {ergonomic}
     bool UseLargePagesIndividualAllocation        = false                                  {pd product} {ergonomic}

Logging:
Log output configuration:
 #0: stdout all=warning uptime,level,tags
 #1: stderr all=off uptime,level,tags

Environment Variables:
CLASSPATH=C:\oraclexe\app\oracle\product\11.2.0\server\jdbc\lib\ojdbc6.jar;.
PATH=C:\oraclexe\app\oracle\product\11.2.0\server\bin;C:\Program Files (x86)\VMware\VMware Workstation\bin\;C:\Program Files\Python38\Scripts\;C:\Program Files\Python38\;C:\Program Files (x86)\Intel\iCLS Client\;C:\Program Files\Intel\iCLS Client\;C:\WINDOWS\system32;C:\WINDOWS;C:\WINDOWS\System32\Wbem;C:\WINDOWS\System32\WindowsPowerShell\v1.0\;C:\WINDOWS\System32\OpenSSH\;C:\Program Files (x86)\Intel\Intel(R) Management Engine Components\DAL;C:\Program Files\Intel\Intel(R) Management Engine Components\DAL;C:\Program Files (x86)\Intel\Intel(R) Management Engine Components\IPT;C:\Program Files\Intel\Intel(R) Management Engine Components\IPT;C:\Program Files\Git\cmd;C:\Program Files\Java\jdk-11.0.5\bin;C:\Program Files\JetBrains\IntelliJ IDEA Community Edition 2022.1.3\bin;
USERNAME=lenovo
OS=Windows_NT
PROCESSOR_IDENTIFIER=Intel64 Family 6 Model 142 Stepping 10, GenuineIntel



---------------  S Y S T E M  ---------------

OS: Windows 10 , 64 bit Build 22000 (10.0.22000.708)

CPU:total 8 (initial active 8) (4 cores per cpu, 2 threads per core) family 6 model 142 stepping 10, cmov, cx8, fxsr, mmx, sse, sse2, sse3, ssse3, sse4.1, sse4.2, popcnt, avx, avx2, aes, clmul, erms, 3dnowpref, lzcnt, ht, tsc, tscinvbit, bmi1, bmi2, adx, fma

Memory: 4k page, system-wide physical 4005M (191M free)
TotalPageFile size 8101M (AvailPageFile size 6M)
current process WorkingSet (physical memory assigned to process): 9M, peak: 9M
current process commit charge ("private bytes"): 17M, peak: 18M

vm_info: Java HotSpot(TM) 64-Bit Server VM (11.0.5+10-LTS) for windows-amd64 JRE (11.0.5+10-LTS), built on Oct  6 2019 12:37:14 by "mach5one" with MS VC++ 15.5 (VS2017)

END.
