#
# There is insufficient memory for the Java Runtime Environment to continue.
# Native memory allocation (malloc) failed to allocate 1909456 bytes for Chunk::new
# Possible reasons:
#   The system is out of physical RAM or swap space
#   The process is running with CompressedOops enabled, and the Java Heap may be blocking the growth of the native heap
# Possible solutions:
#   Reduce memory load on the system
#   Increase physical memory or swap space
#   Check if swap backing store is full
#   Decrease Java heap size (-Xmx/-Xms)
#   Decrease number of Java threads
#   Decrease Java thread stack sizes (-Xss)
#   Set larger code cache with -XX:ReservedCodeCacheSize=
#   JVM is running with Unscaled Compressed Oops mode in which the Java heap is
#     placed in the first 4GB address space. The Java Heap base address is the
#     maximum limit for the native heap growth. Please use -XX:HeapBaseMinAddress
#     to set the Java Heap base and to place the Java Heap above 4GB virtual address.
# This output file may be truncated or incomplete.
#
#  Out of Memory Error (t:/workspace/open/src/hotspot/share/memory/arena.cpp:197), pid=15700, tid=4028
#
# JRE version: Java(TM) SE Runtime Environment (11.0.5+10) (build 11.0.5+10-LTS)
# Java VM: Java HotSpot(TM) 64-Bit Server VM (11.0.5+10-LTS, mixed mode, tiered, compressed oops, g1 gc, windows-amd64)
# No core dump will be written. Minidumps are not enabled by default on client versions of Windows
#

---------------  S U M M A R Y ------------

Command Line: --add-opens=java.base/java.util=ALL-UNNAMED --add-opens=java.base/java.lang=ALL-UNNAMED --add-opens=java.base/java.lang.invoke=ALL-UNNAMED --add-opens=java.base/java.util=ALL-UNNAMED --add-opens=java.prefs/java.util.prefs=ALL-UNNAMED --add-opens=java.prefs/java.util.prefs=ALL-UNNAMED --add-opens=java.base/java.nio.charset=ALL-UNNAMED --add-opens=java.base/java.net=ALL-UNNAMED --add-opens=java.base/java.util.concurrent.atomic=ALL-UNNAMED -XX:MaxMetaspaceSize=256m -XX:+HeapDumpOnOutOfMemoryError -Xms256m -Xmx512m -Dfile.encoding=windows-1252 -Duser.country=IN -Duser.language=en -Duser.variant org.gradle.launcher.daemon.bootstrap.GradleDaemon 7.4.1

Host: Intel(R) Core(TM) i5-8250U CPU @ 1.60GHz, 8 cores, 3G,  Windows 10 , 64 bit Build 22000 (10.0.22000.708)
Time: Sun Jul 10 18:21:46 2022 India Standard Time elapsed time: 88 seconds (0d 0h 1m 28s)

---------------  T H R E A D  ---------------

Current thread (0x0000019b594f5800):  JavaThread "C2 CompilerThread0" daemon [_thread_in_native, id=4028, stack(0x0000002155100000,0x0000002155200000)]


Current CompileTask:
C2:  88483 5081       4       groovy.lang.MetaClassImpl$1MOPIter::methodNameAction (325 bytes)

Stack: [0x0000002155100000,0x0000002155200000]
Native frames: (J=compiled Java code, j=interpreted, Vv=VM code, C=native code)
V  [jvm.dll+0x63611a]
V  [jvm.dll+0x77426f]
V  [jvm.dll+0x77591a]
V  [jvm.dll+0x775fd3]
V  [jvm.dll+0x25e608]
V  [jvm.dll+0xc1f31]
V  [jvm.dll+0xc24bc]
V  [jvm.dll+0x36dae2]
V  [jvm.dll+0x33ab93]
V  [jvm.dll+0x339f6a]
V  [jvm.dll+0x218485]
V  [jvm.dll+0x21762a]
V  [jvm.dll+0x1941bc]
V  [jvm.dll+0x226684]
V  [jvm.dll+0x224c78]
V  [jvm.dll+0x7396cd]
V  [jvm.dll+0x6351c2]
C  [ucrtbase.dll+0x26c0c]
C  [KERNEL32.DLL+0x154e0]
C  [ntdll.dll+0x485b]


---------------  P R O C E S S  ---------------

Threads class SMR info:
_java_thread_list=0x0000019b5e052f40, length=71, elements={
0x0000019b3d866000, 0x0000019b58c6b800, 0x0000019b58c6f800, 0x0000019b594f3800,
0x0000019b594f4800, 0x0000019b594f5800, 0x0000019b594f8000, 0x0000019b594fa000,
0x0000019b5966b800, 0x0000019b5966c800, 0x0000019b5ad5c000, 0x0000019b59a3a800,
0x0000019b59cd5000, 0x0000019b5a9f5000, 0x0000019b5a2da800, 0x0000019b59a79000,
0x0000019b5a4c9000, 0x0000019b5b6cc000, 0x0000019b5a54a000, 0x0000019b5a257000,
0x0000019b5a69d000, 0x0000019b5a69f800, 0x0000019b5a6a0800, 0x0000019b5a69e800,
0x0000019b5a6a1000, 0x0000019b5a69e000, 0x0000019b5a69b800, 0x0000019b5a6a2000,
0x0000019b5a69c800, 0x0000019b5a890000, 0x0000019b5a894000, 0x0000019b5a895800,
0x0000019b5a896800, 0x0000019b5a893000, 0x0000019b5a892000, 0x0000019b5a890800,
0x0000019b5a897000, 0x0000019b5a891800, 0x0000019b5a898000, 0x0000019b5a89c000,
0x0000019b5a89d000, 0x0000019b5a899000, 0x0000019b5a899800, 0x0000019b5a89e800,
0x0000019b5a89a800, 0x0000019b5a89b000, 0x0000019b5a89d800, 0x0000019b5bdb0000,
0x0000019b5bdb3800, 0x0000019b5bdb2800, 0x0000019b5bdb1000, 0x0000019b5bdb1800,
0x0000019b5bdb4000, 0x0000019b5bdb5000, 0x0000019b5bdaf800, 0x0000019b5bdb7800,
0x0000019b5bdb6800, 0x0000019b5bdb8000, 0x0000019b5bdbb800, 0x0000019b5bdb9000,
0x0000019b5bdba000, 0x0000019b5bdba800, 0x0000019b5bdb6000, 0x0000019b5bdbc800,
0x0000019b5bdbd000, 0x0000019b5bdbe000, 0x0000019b5f8e2800, 0x0000019b5f8e0800,
0x0000019b5f8e1000, 0x0000019b5f8e3800, 0x0000019b5f8e4800
}

Java Threads: ( => current thread )
  0x0000019b3d866000 JavaThread "main" [_thread_blocked, id=13808, stack(0x0000002154600000,0x0000002154700000)]
  0x0000019b58c6b800 JavaThread "Reference Handler" daemon [_thread_blocked, id=8288, stack(0x0000002154d00000,0x0000002154e00000)]
  0x0000019b58c6f800 JavaThread "Finalizer" daemon [_thread_blocked, id=13372, stack(0x0000002154e00000,0x0000002154f00000)]
  0x0000019b594f3800 JavaThread "Signal Dispatcher" daemon [_thread_blocked, id=16956, stack(0x0000002154f00000,0x0000002155000000)]
  0x0000019b594f4800 JavaThread "Attach Listener" daemon [_thread_blocked, id=14888, stack(0x0000002155000000,0x0000002155100000)]
=>0x0000019b594f5800 JavaThread "C2 CompilerThread0" daemon [_thread_in_native, id=4028, stack(0x0000002155100000,0x0000002155200000)]
  0x0000019b594f8000 JavaThread "C1 CompilerThread0" daemon [_thread_blocked, id=5572, stack(0x0000002155200000,0x0000002155300000)]
  0x0000019b594fa000 JavaThread "Sweeper thread" daemon [_thread_blocked, id=11168, stack(0x0000002155300000,0x0000002155400000)]
  0x0000019b5966b800 JavaThread "Common-Cleaner" daemon [_thread_blocked, id=7456, stack(0x0000002155400000,0x0000002155500000)]
  0x0000019b5966c800 JavaThread "Service Thread" daemon [_thread_blocked, id=9112, stack(0x0000002155500000,0x0000002155600000)]
  0x0000019b5ad5c000 JavaThread "Daemon health stats" [_thread_blocked, id=10824, stack(0x0000002155c00000,0x0000002155d00000)]
  0x0000019b59a3a800 JavaThread "Incoming local TCP Connector on port 52739" [_thread_in_native, id=13868, stack(0x0000002155d00000,0x0000002155e00000)]
  0x0000019b59cd5000 JavaThread "Daemon periodic checks" [_thread_blocked, id=12292, stack(0x0000002155e00000,0x0000002155f00000)]
  0x0000019b5a9f5000 JavaThread "Daemon" [_thread_blocked, id=15532, stack(0x0000002156100000,0x0000002156200000)]
  0x0000019b5a2da800 JavaThread "Handler for socket connection from /127.0.0.1:52739 to /127.0.0.1:52741" [_thread_in_native, id=9160, stack(0x0000002156200000,0x0000002156300000)]
  0x0000019b59a79000 JavaThread "Cancel handler" [_thread_blocked, id=16028, stack(0x0000002156300000,0x0000002156400000)]
  0x0000019b5a4c9000 JavaThread "Daemon worker" [_thread_blocked, id=12556, stack(0x0000002156400000,0x0000002156500000)]
  0x0000019b5b6cc000 JavaThread "Asynchronous log dispatcher for DefaultDaemonConnection: socket connection from /127.0.0.1:52739 to /127.0.0.1:52741" [_thread_blocked, id=4624, stack(0x0000002156500000,0x0000002156600000)]
  0x0000019b5a54a000 JavaThread "Stdin handler" [_thread_blocked, id=3940, stack(0x0000002156600000,0x0000002156700000)]
  0x0000019b5a257000 JavaThread "Daemon client event forwarder" [_thread_blocked, id=14440, stack(0x0000002156700000,0x0000002156800000)]
  0x0000019b5a69d000 JavaThread "Cache worker for journal cache (C:\Users\lenovo\.gradle\caches\journal-1)" [_thread_blocked, id=752, stack(0x0000002156800000,0x0000002156900000)]
  0x0000019b5a69f800 JavaThread "File lock request listener" [_thread_in_native, id=10392, stack(0x0000002156900000,0x0000002156a00000)]
  0x0000019b5a6a0800 JavaThread "Cache worker for file hash cache (C:\Users\lenovo\.gradle\caches\7.4.1\fileHashes)" [_thread_blocked, id=1408, stack(0x0000002156a00000,0x0000002156b00000)]
  0x0000019b5a69e800 JavaThread "File watcher server" daemon [_thread_in_native, id=7628, stack(0x0000002154300000,0x0000002154400000)]
  0x0000019b5a6a1000 JavaThread "File watcher consumer" daemon [_thread_blocked, id=5880, stack(0x0000002154400000,0x0000002154500000)]
  0x0000019b5a69e000 JavaThread "Cache worker for checksums cache (F:\java\learningresources-api\.gradle\7.4.1\checksums)" [_thread_blocked, id=9456, stack(0x0000002154500000,0x0000002154600000)]
  0x0000019b5a69b800 JavaThread "Cache worker for cache directory md-rule (C:\Users\lenovo\.gradle\caches\7.4.1\md-rule)" [_thread_blocked, id=12768, stack(0x0000002156e00000,0x0000002156f00000)]
  0x0000019b5a6a2000 JavaThread "Cache worker for file hash cache (F:\java\learningresources-api\.gradle\7.4.1\fileHashes)" [_thread_blocked, id=8264, stack(0x0000002156f00000,0x0000002157000000)]
  0x0000019b5a69c800 JavaThread "Cache worker for cache directory md-supplier (C:\Users\lenovo\.gradle\caches\7.4.1\md-supplier)" [_thread_blocked, id=5028, stack(0x0000002157000000,0x0000002157100000)]
  0x0000019b5a890000 JavaThread "Cache worker for execution history cache (C:\Users\lenovo\.gradle\caches\7.4.1\executionHistory)" [_thread_blocked, id=9004, stack(0x0000002157100000,0x0000002157200000)]
  0x0000019b5a894000 JavaThread "jar transforms" [_thread_blocked, id=13592, stack(0x0000002157200000,0x0000002157300000)]
  0x0000019b5a895800 JavaThread "jar transforms Thread 2" [_thread_blocked, id=13620, stack(0x0000002157300000,0x0000002157400000)]
  0x0000019b5a896800 JavaThread "File lock release action executor" [_thread_blocked, id=3452, stack(0x0000002157400000,0x0000002157500000)]
  0x0000019b5a893000 JavaThread "Cache worker for file content cache (C:\Users\lenovo\.gradle\caches\7.4.1\fileContent)" [_thread_blocked, id=14004, stack(0x0000002157500000,0x0000002157600000)]
  0x0000019b5a892000 JavaThread "jar transforms Thread 3" [_thread_blocked, id=11596, stack(0x0000002157600000,0x0000002157700000)]
  0x0000019b5a890800 JavaThread "jar transforms Thread 4" [_thread_blocked, id=9080, stack(0x0000002157700000,0x0000002157800000)]
  0x0000019b5a897000 JavaThread "jar transforms Thread 5" [_thread_blocked, id=16208, stack(0x0000002157800000,0x0000002157900000)]
  0x0000019b5a891800 JavaThread "jar transforms Thread 6" [_thread_blocked, id=8128, stack(0x0000002157900000,0x0000002157a00000)]
  0x0000019b5a898000 JavaThread "jar transforms Thread 7" [_thread_blocked, id=16452, stack(0x0000002157a00000,0x0000002157b00000)]
  0x0000019b5a89c000 JavaThread "jar transforms Thread 8" [_thread_blocked, id=3316, stack(0x0000002157b00000,0x0000002157c00000)]
  0x0000019b5a89d000 JavaThread "Cache worker for dependencies-accessors (F:\java\learningresources-api\.gradle\7.4.1\dependencies-accessors)" [_thread_blocked, id=2856, stack(0x0000002157c00000,0x0000002157d00000)]
  0x0000019b5a899000 JavaThread "Cache worker for Build Output Cleanup Cache (F:\java\learningresources-api\.gradle\buildOutputCleanup)" [_thread_blocked, id=7860, stack(0x0000002157d00000,0x0000002157e00000)]
  0x0000019b5a899800 JavaThread "Unconstrained build operations" [_thread_blocked, id=12428, stack(0x0000002157e00000,0x0000002157f00000)]
  0x0000019b5a89e800 JavaThread "Unconstrained build operations Thread 2" [_thread_blocked, id=7348, stack(0x0000002157f00000,0x0000002158000000)]
  0x0000019b5a89a800 JavaThread "Unconstrained build operations Thread 3" [_thread_blocked, id=13780, stack(0x0000002158000000,0x0000002158100000)]
  0x0000019b5a89b000 JavaThread "Unconstrained build operations Thread 4" [_thread_blocked, id=15896, stack(0x0000002158100000,0x0000002158200000)]
  0x0000019b5a89d800 JavaThread "Unconstrained build operations Thread 5" [_thread_blocked, id=10388, stack(0x0000002158200000,0x0000002158300000)]
  0x0000019b5bdb0000 JavaThread "Unconstrained build operations Thread 6" [_thread_blocked, id=10712, stack(0x0000002158300000,0x0000002158400000)]
  0x0000019b5bdb3800 JavaThread "Unconstrained build operations Thread 7" [_thread_blocked, id=10512, stack(0x0000002158400000,0x0000002158500000)]
  0x0000019b5bdb2800 JavaThread "Unconstrained build operations Thread 8" [_thread_blocked, id=8988, stack(0x0000002158500000,0x0000002158600000)]
  0x0000019b5bdb1000 JavaThread "Unconstrained build operations Thread 9" [_thread_blocked, id=10784, stack(0x0000002158600000,0x0000002158700000)]
  0x0000019b5bdb1800 JavaThread "Unconstrained build operations Thread 10" [_thread_blocked, id=13008, stack(0x0000002158700000,0x0000002158800000)]
  0x0000019b5bdb4000 JavaThread "Unconstrained build operations Thread 11" [_thread_blocked, id=3728, stack(0x0000002158800000,0x0000002158900000)]
  0x0000019b5bdb5000 JavaThread "Unconstrained build operations Thread 12" [_thread_blocked, id=5332, stack(0x0000002158900000,0x0000002158a00000)]
  0x0000019b5bdaf800 JavaThread "Unconstrained build operations Thread 13" [_thread_blocked, id=5460, stack(0x0000002158a00000,0x0000002158b00000)]
  0x0000019b5bdb7800 JavaThread "Unconstrained build operations Thread 14" [_thread_blocked, id=2096, stack(0x0000002158b00000,0x0000002158c00000)]
  0x0000019b5bdb6800 JavaThread "Unconstrained build operations Thread 15" [_thread_blocked, id=5244, stack(0x0000002158c00000,0x0000002158d00000)]
  0x0000019b5bdb8000 JavaThread "Unconstrained build operations Thread 16" [_thread_blocked, id=12948, stack(0x0000002158d00000,0x0000002158e00000)]
  0x0000019b5bdbb800 JavaThread "Unconstrained build operations Thread 17" [_thread_blocked, id=14376, stack(0x0000002158e00000,0x0000002158f00000)]
  0x0000019b5bdb9000 JavaThread "Unconstrained build operations Thread 18" [_thread_blocked, id=1788, stack(0x0000002158f00000,0x0000002159000000)]
  0x0000019b5bdba000 JavaThread "Unconstrained build operations Thread 19" [_thread_blocked, id=15724, stack(0x0000002159000000,0x0000002159100000)]
  0x0000019b5bdba800 JavaThread "Memory manager" [_thread_blocked, id=9892, stack(0x0000002159100000,0x0000002159200000)]
  0x0000019b5bdb6000 JavaThread "included builds" [_thread_blocked, id=8896, stack(0x0000002159200000,0x0000002159300000)]
  0x0000019b5bdbc800 JavaThread "Execution worker for ':'" [_thread_blocked, id=6500, stack(0x0000002159300000,0x0000002159400000)]
  0x0000019b5bdbd000 JavaThread "Execution worker for ':' Thread 2" [_thread_in_native, id=11448, stack(0x0000002159400000,0x0000002159500000)]
  0x0000019b5bdbe000 JavaThread "Execution worker for ':' Thread 3" [_thread_blocked, id=9140, stack(0x0000002159500000,0x0000002159600000)]
  0x0000019b5f8e2800 JavaThread "Execution worker for ':' Thread 4" [_thread_blocked, id=4020, stack(0x0000002159600000,0x0000002159700000)]
  0x0000019b5f8e0800 JavaThread "Execution worker for ':' Thread 5" [_thread_blocked, id=7060, stack(0x0000002159700000,0x0000002159800000)]
  0x0000019b5f8e1000 JavaThread "Execution worker for ':' Thread 6" [_thread_blocked, id=16144, stack(0x0000002159800000,0x0000002159900000)]
  0x0000019b5f8e3800 JavaThread "Execution worker for ':' Thread 7" [_thread_blocked, id=7768, stack(0x0000002159900000,0x0000002159a00000)]
  0x0000019b5f8e4800 JavaThread "Cache worker for execution history cache (F:\java\learningresources-api\.gradle\7.4.1\executionHistory)" [_thread_blocked, id=17116, stack(0x0000002159a00000,0x0000002159b00000)]

Other Threads:
  0x0000019b58c69800 VMThread "VM Thread" [stack: 0x0000002154c00000,0x0000002154d00000] [id=16552]
  0x0000019b5969f800 WatcherThread [stack: 0x0000002155600000,0x0000002155700000] [id=8576]
  0x0000019b3d87c800 GCTaskThread "GC Thread#0" [stack: 0x0000002154700000,0x0000002154800000] [id=11092]
  0x0000019b5a5e1800 GCTaskThread "GC Thread#1" [stack: 0x0000002155700000,0x0000002155800000] [id=13304]
  0x0000019b59fdc800 GCTaskThread "GC Thread#2" [stack: 0x0000002155800000,0x0000002155900000] [id=10436]
  0x0000019b59fdd000 GCTaskThread "GC Thread#3" [stack: 0x0000002155900000,0x0000002155a00000] [id=11048]
  0x0000019b59c4b000 GCTaskThread "GC Thread#4" [stack: 0x0000002155a00000,0x0000002155b00000] [id=7152]
  0x0000019b59c4b800 GCTaskThread "GC Thread#5" [stack: 0x0000002155b00000,0x0000002155c00000] [id=6052]
  0x0000019b5a701000 GCTaskThread "GC Thread#6" [stack: 0x0000002156b00000,0x0000002156c00000] [id=14296]
  0x0000019b5a72e000 GCTaskThread "GC Thread#7" [stack: 0x0000002156c00000,0x0000002156d00000] [id=6488]
  0x0000019b3d891800 ConcurrentGCThread "G1 Main Marker" [stack: 0x0000002154800000,0x0000002154900000] [id=6576]
  0x0000019b3d892800 ConcurrentGCThread "G1 Conc#0" [stack: 0x0000002154900000,0x0000002154a00000] [id=13468]
  0x0000019b5a8a0000 ConcurrentGCThread "G1 Conc#1" [stack: 0x0000002156d00000,0x0000002156e00000] [id=13736]
  0x0000019b3d94e000 ConcurrentGCThread "G1 Refine#0" [stack: 0x0000002154a00000,0x0000002154b00000] [id=872]
  0x0000019b58b07800 ConcurrentGCThread "G1 Young RemSet Sampling" [stack: 0x0000002154b00000,0x0000002154c00000] [id=15252]

Threads with active compile tasks:
C2 CompilerThread05081       4       groovy.lang.MetaClassImpl$1MOPIter::methodNameAction (325 bytes)

VM state:not at safepoint (normal execution)

VM Mutex/Monitor currently owned by a thread: None

Heap address: 0x00000000e0000000, size: 512 MB, Compressed Oops mode: 32-bit
Narrow klass base: 0x0000000000000000, Narrow klass shift: 3
Compressed class space size: 260046848 Address: 0x0000000100000000

Heap:
 garbage-first heap   total 262144K, used 51974K [0x00000000e0000000, 0x0000000100000000)
  region size 1024K, 31 young (31744K), 14 survivors (14336K)
 Metaspace       used 55162K, capacity 56923K, committed 57216K, reserved 303104K
  class space    used 7322K, capacity 7956K, committed 8064K, reserved 253952K
Heap Regions: E=young(eden), S=young(survivor), O=old, HS=humongous(starts), HC=humongous(continues), CS=collection set, F=free, A=archive, TAMS=top-at-mark-start (previous, next)
|   0|0x00000000e0000000, 0x00000000e0100000, 0x00000000e0100000|100%| O|  |TAMS 0x00000000e0100000, 0x00000000e0000000| Untracked 
|   1|0x00000000e0100000, 0x00000000e0200000, 0x00000000e0200000|100%| O|  |TAMS 0x00000000e0200000, 0x00000000e0100000| Untracked 
|   2|0x00000000e0200000, 0x00000000e0300000, 0x00000000e0300000|100%| O|  |TAMS 0x00000000e0300000, 0x00000000e0200000| Untracked 
|   3|0x00000000e0300000, 0x00000000e0400000, 0x00000000e0400000|100%|HS|  |TAMS 0x00000000e0400000, 0x00000000e0300000| Complete 
|   4|0x00000000e0400000, 0x00000000e0500000, 0x00000000e0500000|100%|HC|  |TAMS 0x00000000e0500000, 0x00000000e0400000| Complete 
|   5|0x00000000e0500000, 0x00000000e0600000, 0x00000000e0600000|100%|HC|  |TAMS 0x00000000e0600000, 0x00000000e0500000| Complete 
|   6|0x00000000e0600000, 0x00000000e0700000, 0x00000000e0700000|100%| O|  |TAMS 0x00000000e0700000, 0x00000000e0600000| Untracked 
|   7|0x00000000e0700000, 0x00000000e0800000, 0x00000000e0800000|100%| O|  |TAMS 0x00000000e0800000, 0x00000000e0700000| Untracked 
|   8|0x00000000e0800000, 0x00000000e0900000, 0x00000000e0900000|100%| O|  |TAMS 0x00000000e0900000, 0x00000000e0800000| Untracked 
|   9|0x00000000e0900000, 0x00000000e0a00000, 0x00000000e0a00000|100%| O|  |TAMS 0x00000000e0a00000, 0x00000000e0900000| Untracked 
|  10|0x00000000e0a00000, 0x00000000e0b00000, 0x00000000e0b00000|100%| O|  |TAMS 0x00000000e0b00000, 0x00000000e0a00000| Untracked 
|  11|0x00000000e0b00000, 0x00000000e0c00000, 0x00000000e0c00000|100%| O|  |TAMS 0x00000000e0c00000, 0x00000000e0b00000| Untracked 
|  12|0x00000000e0c00000, 0x00000000e0d00000, 0x00000000e0d00000|100%| O|  |TAMS 0x00000000e0d00000, 0x00000000e0c00000| Untracked 
|  13|0x00000000e0d00000, 0x00000000e0e00000, 0x00000000e0e00000|100%| O|  |TAMS 0x00000000e0e00000, 0x00000000e0d00000| Untracked 
|  14|0x00000000e0e00000, 0x00000000e0f00000, 0x00000000e0f00000|100%| O|  |TAMS 0x00000000e0f00000, 0x00000000e0e00000| Untracked 
|  15|0x00000000e0f00000, 0x00000000e1000000, 0x00000000e1000000|100%| O|  |TAMS 0x00000000e1000000, 0x00000000e0f00000| Untracked 
|  16|0x00000000e1000000, 0x00000000e1100000, 0x00000000e1100000|100%| O|  |TAMS 0x00000000e1037c00, 0x00000000e1000000| Untracked 
|  17|0x00000000e1100000, 0x00000000e1200000, 0x00000000e1200000|100%| O|  |TAMS 0x00000000e1100000, 0x00000000e1100000| Untracked 
|  18|0x00000000e1200000, 0x00000000e1300000, 0x00000000e1300000|100%| O|  |TAMS 0x00000000e1200000, 0x00000000e1200000| Untracked 
|  19|0x00000000e1300000, 0x00000000e1400000, 0x00000000e1400000|100%| O|  |TAMS 0x00000000e1300000, 0x00000000e1300000| Untracked 
|  20|0x00000000e1400000, 0x00000000e14f3a00, 0x00000000e1500000| 95%| O|  |TAMS 0x00000000e1400000, 0x00000000e1400000| Untracked 
|  21|0x00000000e1500000, 0x00000000e1500000, 0x00000000e1600000|  0%| F|  |TAMS 0x00000000e1500000, 0x00000000e1500000| Untracked 
|  22|0x00000000e1600000, 0x00000000e1600000, 0x00000000e1700000|  0%| F|  |TAMS 0x00000000e1600000, 0x00000000e1600000| Untracked 
|  23|0x00000000e1700000, 0x00000000e1700000, 0x00000000e1800000|  0%| F|  |TAMS 0x00000000e1700000, 0x00000000e1700000| Untracked 
|  24|0x00000000e1800000, 0x00000000e1800000, 0x00000000e1900000|  0%| F|  |TAMS 0x00000000e1800000, 0x00000000e1800000| Untracked 
|  25|0x00000000e1900000, 0x00000000e1900000, 0x00000000e1a00000|  0%| F|  |TAMS 0x00000000e1900000, 0x00000000e1900000| Untracked 
|  26|0x00000000e1a00000, 0x00000000e1a00000, 0x00000000e1b00000|  0%| F|  |TAMS 0x00000000e1a00000, 0x00000000e1a00000| Untracked 
|  27|0x00000000e1b00000, 0x00000000e1b00000, 0x00000000e1c00000|  0%| F|  |TAMS 0x00000000e1b00000, 0x00000000e1b00000| Untracked 
|  28|0x00000000e1c00000, 0x00000000e1c00000, 0x00000000e1d00000|  0%| F|  |TAMS 0x00000000e1c00000, 0x00000000e1c00000| Untracked 
|  29|0x00000000e1d00000, 0x00000000e1d00000, 0x00000000e1e00000|  0%| F|  |TAMS 0x00000000e1d00000, 0x00000000e1d00000| Untracked 
|  30|0x00000000e1e00000, 0x00000000e1e00000, 0x00000000e1f00000|  0%| F|  |TAMS 0x00000000e1e00000, 0x00000000e1e00000| Untracked 
|  31|0x00000000e1f00000, 0x00000000e1f00000, 0x00000000e2000000|  0%| F|  |TAMS 0x00000000e1f00000, 0x00000000e1f00000| Untracked 
|  32|0x00000000e2000000, 0x00000000e2000000, 0x00000000e2100000|  0%| F|  |TAMS 0x00000000e2000000, 0x00000000e2000000| Untracked 
|  33|0x00000000e2100000, 0x00000000e2100000, 0x00000000e2200000|  0%| F|  |TAMS 0x00000000e2100000, 0x00000000e2100000| Untracked 
|  34|0x00000000e2200000, 0x00000000e2200000, 0x00000000e2300000|  0%| F|  |TAMS 0x00000000e2200000, 0x00000000e2200000| Untracked 
|  35|0x00000000e2300000, 0x00000000e2300000, 0x00000000e2400000|  0%| F|  |TAMS 0x00000000e2300000, 0x00000000e2300000| Untracked 
|  36|0x00000000e2400000, 0x00000000e2400000, 0x00000000e2500000|  0%| F|  |TAMS 0x00000000e2400000, 0x00000000e2400000| Untracked 
|  37|0x00000000e2500000, 0x00000000e2500000, 0x00000000e2600000|  0%| F|  |TAMS 0x00000000e2500000, 0x00000000e2500000| Untracked 
|  38|0x00000000e2600000, 0x00000000e2600000, 0x00000000e2700000|  0%| F|  |TAMS 0x00000000e2600000, 0x00000000e2600000| Untracked 
|  39|0x00000000e2700000, 0x00000000e2700000, 0x00000000e2800000|  0%| F|  |TAMS 0x00000000e2700000, 0x00000000e2700000| Untracked 
|  40|0x00000000e2800000, 0x00000000e2800000, 0x00000000e2900000|  0%| F|  |TAMS 0x00000000e2800000, 0x00000000e2800000| Untracked 
|  41|0x00000000e2900000, 0x00000000e2900000, 0x00000000e2a00000|  0%| F|  |TAMS 0x00000000e2900000, 0x00000000e2900000| Untracked 
|  42|0x00000000e2a00000, 0x00000000e2a00000, 0x00000000e2b00000|  0%| F|  |TAMS 0x00000000e2a00000, 0x00000000e2a00000| Untracked 
|  43|0x00000000e2b00000, 0x00000000e2b00000, 0x00000000e2c00000|  0%| F|  |TAMS 0x00000000e2b00000, 0x00000000e2b00000| Untracked 
|  44|0x00000000e2c00000, 0x00000000e2c00000, 0x00000000e2d00000|  0%| F|  |TAMS 0x00000000e2c00000, 0x00000000e2c00000| Untracked 
|  45|0x00000000e2d00000, 0x00000000e2d00000, 0x00000000e2e00000|  0%| F|  |TAMS 0x00000000e2d00000, 0x00000000e2d00000| Untracked 
|  46|0x00000000e2e00000, 0x00000000e2e00000, 0x00000000e2f00000|  0%| F|  |TAMS 0x00000000e2e00000, 0x00000000e2e00000| Untracked 
|  47|0x00000000e2f00000, 0x00000000e2f00000, 0x00000000e3000000|  0%| F|  |TAMS 0x00000000e2f00000, 0x00000000e2f00000| Untracked 
|  48|0x00000000e3000000, 0x00000000e3000000, 0x00000000e3100000|  0%| F|  |TAMS 0x00000000e3000000, 0x00000000e3000000| Untracked 
|  49|0x00000000e3100000, 0x00000000e3100000, 0x00000000e3200000|  0%| F|  |TAMS 0x00000000e3100000, 0x00000000e3100000| Untracked 
|  50|0x00000000e3200000, 0x00000000e3200000, 0x00000000e3300000|  0%| F|  |TAMS 0x00000000e3200000, 0x00000000e3200000| Untracked 
|  51|0x00000000e3300000, 0x00000000e3300000, 0x00000000e3400000|  0%| F|  |TAMS 0x00000000e3300000, 0x00000000e3300000| Untracked 
|  52|0x00000000e3400000, 0x00000000e3400000, 0x00000000e3500000|  0%| F|  |TAMS 0x00000000e3400000, 0x00000000e3400000| Untracked 
|  53|0x00000000e3500000, 0x00000000e3500000, 0x00000000e3600000|  0%| F|  |TAMS 0x00000000e3500000, 0x00000000e3500000| Untracked 
|  54|0x00000000e3600000, 0x00000000e3600000, 0x00000000e3700000|  0%| F|  |TAMS 0x00000000e3600000, 0x00000000e3600000| Untracked 
|  55|0x00000000e3700000, 0x00000000e3700000, 0x00000000e3800000|  0%| F|  |TAMS 0x00000000e3700000, 0x00000000e3700000| Untracked 
|  56|0x00000000e3800000, 0x00000000e3800000, 0x00000000e3900000|  0%| F|  |TAMS 0x00000000e3800000, 0x00000000e3800000| Untracked 
|  57|0x00000000e3900000, 0x00000000e3900000, 0x00000000e3a00000|  0%| F|  |TAMS 0x00000000e3900000, 0x00000000e3900000| Untracked 
|  58|0x00000000e3a00000, 0x00000000e3a00000, 0x00000000e3b00000|  0%| F|  |TAMS 0x00000000e3a00000, 0x00000000e3a00000| Untracked 
|  59|0x00000000e3b00000, 0x00000000e3b00000, 0x00000000e3c00000|  0%| F|  |TAMS 0x00000000e3b00000, 0x00000000e3b00000| Untracked 
|  60|0x00000000e3c00000, 0x00000000e3c00000, 0x00000000e3d00000|  0%| F|  |TAMS 0x00000000e3c00000, 0x00000000e3c00000| Untracked 
|  61|0x00000000e3d00000, 0x00000000e3d00000, 0x00000000e3e00000|  0%| F|  |TAMS 0x00000000e3d00000, 0x00000000e3d00000| Untracked 
|  62|0x00000000e3e00000, 0x00000000e3e00000, 0x00000000e3f00000|  0%| F|  |TAMS 0x00000000e3e00000, 0x00000000e3e00000| Untracked 
|  63|0x00000000e3f00000, 0x00000000e3f00000, 0x00000000e4000000|  0%| F|  |TAMS 0x00000000e3f00000, 0x00000000e3f00000| Untracked 
|  64|0x00000000e4000000, 0x00000000e4000000, 0x00000000e4100000|  0%| F|  |TAMS 0x00000000e4000000, 0x00000000e4000000| Untracked 
|  65|0x00000000e4100000, 0x00000000e4100000, 0x00000000e4200000|  0%| F|  |TAMS 0x00000000e4100000, 0x00000000e4100000| Untracked 
|  66|0x00000000e4200000, 0x00000000e4200000, 0x00000000e4300000|  0%| F|  |TAMS 0x00000000e4200000, 0x00000000e4200000| Untracked 
|  67|0x00000000e4300000, 0x00000000e4300000, 0x00000000e4400000|  0%| F|  |TAMS 0x00000000e4300000, 0x00000000e4300000| Untracked 
|  68|0x00000000e4400000, 0x00000000e4400000, 0x00000000e4500000|  0%| F|  |TAMS 0x00000000e4400000, 0x00000000e4400000| Untracked 
|  69|0x00000000e4500000, 0x00000000e4500000, 0x00000000e4600000|  0%| F|  |TAMS 0x00000000e4500000, 0x00000000e4500000| Untracked 
|  70|0x00000000e4600000, 0x00000000e4600000, 0x00000000e4700000|  0%| F|  |TAMS 0x00000000e4600000, 0x00000000e4600000| Untracked 
|  71|0x00000000e4700000, 0x00000000e4700000, 0x00000000e4800000|  0%| F|  |TAMS 0x00000000e4700000, 0x00000000e4700000| Untracked 
|  72|0x00000000e4800000, 0x00000000e4800000, 0x00000000e4900000|  0%| F|  |TAMS 0x00000000e4800000, 0x00000000e4800000| Untracked 
|  73|0x00000000e4900000, 0x00000000e4900000, 0x00000000e4a00000|  0%| F|  |TAMS 0x00000000e4900000, 0x00000000e4900000| Untracked 
|  74|0x00000000e4a00000, 0x00000000e4a00000, 0x00000000e4b00000|  0%| F|  |TAMS 0x00000000e4a00000, 0x00000000e4a00000| Untracked 
|  75|0x00000000e4b00000, 0x00000000e4b00000, 0x00000000e4c00000|  0%| F|  |TAMS 0x00000000e4b00000, 0x00000000e4b00000| Untracked 
|  76|0x00000000e4c00000, 0x00000000e4c00000, 0x00000000e4d00000|  0%| F|  |TAMS 0x00000000e4c00000, 0x00000000e4c00000| Untracked 
|  77|0x00000000e4d00000, 0x00000000e4d00000, 0x00000000e4e00000|  0%| F|  |TAMS 0x00000000e4d00000, 0x00000000e4d00000| Untracked 
|  78|0x00000000e4e00000, 0x00000000e4e00000, 0x00000000e4f00000|  0%| F|  |TAMS 0x00000000e4e00000, 0x00000000e4e00000| Untracked 
|  79|0x00000000e4f00000, 0x00000000e4f00000, 0x00000000e5000000|  0%| F|  |TAMS 0x00000000e4f00000, 0x00000000e4f00000| Untracked 
|  80|0x00000000e5000000, 0x00000000e5000000, 0x00000000e5100000|  0%| F|  |TAMS 0x00000000e5000000, 0x00000000e5000000| Untracked 
|  81|0x00000000e5100000, 0x00000000e5100000, 0x00000000e5200000|  0%| F|  |TAMS 0x00000000e5100000, 0x00000000e5100000| Untracked 
|  82|0x00000000e5200000, 0x00000000e5200000, 0x00000000e5300000|  0%| F|  |TAMS 0x00000000e5200000, 0x00000000e5200000| Untracked 
|  83|0x00000000e5300000, 0x00000000e5300000, 0x00000000e5400000|  0%| F|  |TAMS 0x00000000e5300000, 0x00000000e5300000| Untracked 
|  84|0x00000000e5400000, 0x00000000e5400000, 0x00000000e5500000|  0%| F|  |TAMS 0x00000000e5400000, 0x00000000e5400000| Untracked 
|  85|0x00000000e5500000, 0x00000000e5500000, 0x00000000e5600000|  0%| F|  |TAMS 0x00000000e5500000, 0x00000000e5500000| Untracked 
|  86|0x00000000e5600000, 0x00000000e5600000, 0x00000000e5700000|  0%| F|  |TAMS 0x00000000e5600000, 0x00000000e5600000| Untracked 
|  87|0x00000000e5700000, 0x00000000e5700000, 0x00000000e5800000|  0%| F|  |TAMS 0x00000000e5700000, 0x00000000e5700000| Untracked 
|  88|0x00000000e5800000, 0x00000000e5800000, 0x00000000e5900000|  0%| F|  |TAMS 0x00000000e5800000, 0x00000000e5800000| Untracked 
|  89|0x00000000e5900000, 0x00000000e5900000, 0x00000000e5a00000|  0%| F|  |TAMS 0x00000000e5900000, 0x00000000e5900000| Untracked 
|  90|0x00000000e5a00000, 0x00000000e5a00000, 0x00000000e5b00000|  0%| F|  |TAMS 0x00000000e5a00000, 0x00000000e5a00000| Untracked 
|  91|0x00000000e5b00000, 0x00000000e5b00000, 0x00000000e5c00000|  0%| F|  |TAMS 0x00000000e5b00000, 0x00000000e5b00000| Untracked 
|  92|0x00000000e5c00000, 0x00000000e5c00000, 0x00000000e5d00000|  0%| F|  |TAMS 0x00000000e5c00000, 0x00000000e5c00000| Untracked 
|  93|0x00000000e5d00000, 0x00000000e5d00000, 0x00000000e5e00000|  0%| F|  |TAMS 0x00000000e5d00000, 0x00000000e5d00000| Untracked 
|  94|0x00000000e5e00000, 0x00000000e5e00000, 0x00000000e5f00000|  0%| F|  |TAMS 0x00000000e5e00000, 0x00000000e5e00000| Untracked 
|  95|0x00000000e5f00000, 0x00000000e5f00000, 0x00000000e6000000|  0%| F|  |TAMS 0x00000000e5f00000, 0x00000000e5f00000| Untracked 
|  96|0x00000000e6000000, 0x00000000e6000000, 0x00000000e6100000|  0%| F|  |TAMS 0x00000000e6000000, 0x00000000e6000000| Untracked 
|  97|0x00000000e6100000, 0x00000000e6100000, 0x00000000e6200000|  0%| F|  |TAMS 0x00000000e6100000, 0x00000000e6100000| Untracked 
|  98|0x00000000e6200000, 0x00000000e6200000, 0x00000000e6300000|  0%| F|  |TAMS 0x00000000e6200000, 0x00000000e6200000| Untracked 
|  99|0x00000000e6300000, 0x00000000e6300000, 0x00000000e6400000|  0%| F|  |TAMS 0x00000000e6300000, 0x00000000e6300000| Untracked 
| 100|0x00000000e6400000, 0x00000000e64ce0f0, 0x00000000e6500000| 80%| S|CS|TAMS 0x00000000e6400000, 0x00000000e6400000| Complete 
| 101|0x00000000e6500000, 0x00000000e6600000, 0x00000000e6600000|100%| S|CS|TAMS 0x00000000e6500000, 0x00000000e6500000| Complete 
| 102|0x00000000e6600000, 0x00000000e6700000, 0x00000000e6700000|100%| S|CS|TAMS 0x00000000e6600000, 0x00000000e6600000| Complete 
| 103|0x00000000e6700000, 0x00000000e6800000, 0x00000000e6800000|100%| S|CS|TAMS 0x00000000e6700000, 0x00000000e6700000| Complete 
| 104|0x00000000e6800000, 0x00000000e6900000, 0x00000000e6900000|100%| S|CS|TAMS 0x00000000e6800000, 0x00000000e6800000| Complete 
| 105|0x00000000e6900000, 0x00000000e6a00000, 0x00000000e6a00000|100%| S|CS|TAMS 0x00000000e6900000, 0x00000000e6900000| Complete 
| 106|0x00000000e6a00000, 0x00000000e6b00000, 0x00000000e6b00000|100%| S|CS|TAMS 0x00000000e6a00000, 0x00000000e6a00000| Complete 
| 107|0x00000000e6b00000, 0x00000000e6c00000, 0x00000000e6c00000|100%| S|CS|TAMS 0x00000000e6b00000, 0x00000000e6b00000| Complete 
| 108|0x00000000e6c00000, 0x00000000e6d00000, 0x00000000e6d00000|100%| S|CS|TAMS 0x00000000e6c00000, 0x00000000e6c00000| Complete 
| 109|0x00000000e6d00000, 0x00000000e6e00000, 0x00000000e6e00000|100%| S|CS|TAMS 0x00000000e6d00000, 0x00000000e6d00000| Complete 
| 110|0x00000000e6e00000, 0x00000000e6f00000, 0x00000000e6f00000|100%| S|CS|TAMS 0x00000000e6e00000, 0x00000000e6e00000| Complete 
| 111|0x00000000e6f00000, 0x00000000e7000000, 0x00000000e7000000|100%| S|CS|TAMS 0x00000000e6f00000, 0x00000000e6f00000| Complete 
| 112|0x00000000e7000000, 0x00000000e7100000, 0x00000000e7100000|100%| S|CS|TAMS 0x00000000e7000000, 0x00000000e7000000| Complete 
| 113|0x00000000e7100000, 0x00000000e7200000, 0x00000000e7200000|100%| S|CS|TAMS 0x00000000e7100000, 0x00000000e7100000| Complete 
| 114|0x00000000e7200000, 0x00000000e7200000, 0x00000000e7300000|  0%| F|  |TAMS 0x00000000e7200000, 0x00000000e7200000| Untracked 
| 115|0x00000000e7300000, 0x00000000e7300000, 0x00000000e7400000|  0%| F|  |TAMS 0x00000000e7300000, 0x00000000e7300000| Untracked 
| 116|0x00000000e7400000, 0x00000000e7400000, 0x00000000e7500000|  0%| F|  |TAMS 0x00000000e7400000, 0x00000000e7400000| Untracked 
| 117|0x00000000e7500000, 0x00000000e7500000, 0x00000000e7600000|  0%| F|  |TAMS 0x00000000e7500000, 0x00000000e7500000| Untracked 
| 118|0x00000000e7600000, 0x00000000e7600000, 0x00000000e7700000|  0%| F|  |TAMS 0x00000000e7600000, 0x00000000e7600000| Untracked 
| 119|0x00000000e7700000, 0x00000000e7700000, 0x00000000e7800000|  0%| F|  |TAMS 0x00000000e7700000, 0x00000000e7700000| Untracked 
| 120|0x00000000e7800000, 0x00000000e7800000, 0x00000000e7900000|  0%| F|  |TAMS 0x00000000e7800000, 0x00000000e7800000| Untracked 
| 121|0x00000000e7900000, 0x00000000e7900000, 0x00000000e7a00000|  0%| F|  |TAMS 0x00000000e7900000, 0x00000000e7900000| Untracked 
| 122|0x00000000e7a00000, 0x00000000e7a00000, 0x00000000e7b00000|  0%| F|  |TAMS 0x00000000e7a00000, 0x00000000e7a00000| Untracked 
| 123|0x00000000e7b00000, 0x00000000e7b00000, 0x00000000e7c00000|  0%| F|  |TAMS 0x00000000e7b00000, 0x00000000e7b00000| Untracked 
| 124|0x00000000e7c00000, 0x00000000e7c00000, 0x00000000e7d00000|  0%| F|  |TAMS 0x00000000e7c00000, 0x00000000e7c00000| Untracked 
| 125|0x00000000e7d00000, 0x00000000e7d00000, 0x00000000e7e00000|  0%| F|  |TAMS 0x00000000e7d00000, 0x00000000e7d00000| Untracked 
| 126|0x00000000e7e00000, 0x00000000e7e00000, 0x00000000e7f00000|  0%| F|  |TAMS 0x00000000e7e00000, 0x00000000e7e00000| Untracked 
| 127|0x00000000e7f00000, 0x00000000e7f00000, 0x00000000e8000000|  0%| F|  |TAMS 0x00000000e7f00000, 0x00000000e7f00000| Untracked 
| 128|0x00000000e8000000, 0x00000000e8000000, 0x00000000e8100000|  0%| F|  |TAMS 0x00000000e8000000, 0x00000000e8000000| Untracked 
| 129|0x00000000e8100000, 0x00000000e8100000, 0x00000000e8200000|  0%| F|  |TAMS 0x00000000e8100000, 0x00000000e8100000| Untracked 
| 130|0x00000000e8200000, 0x00000000e8200000, 0x00000000e8300000|  0%| F|  |TAMS 0x00000000e8200000, 0x00000000e8200000| Untracked 
| 131|0x00000000e8300000, 0x00000000e8300000, 0x00000000e8400000|  0%| F|  |TAMS 0x00000000e8300000, 0x00000000e8300000| Untracked 
| 132|0x00000000e8400000, 0x00000000e8400000, 0x00000000e8500000|  0%| F|  |TAMS 0x00000000e8400000, 0x00000000e8400000| Untracked 
| 133|0x00000000e8500000, 0x00000000e8500000, 0x00000000e8600000|  0%| F|  |TAMS 0x00000000e8500000, 0x00000000e8500000| Untracked 
| 134|0x00000000e8600000, 0x00000000e8600000, 0x00000000e8700000|  0%| F|  |TAMS 0x00000000e8600000, 0x00000000e8600000| Untracked 
| 135|0x00000000e8700000, 0x00000000e8700000, 0x00000000e8800000|  0%| F|  |TAMS 0x00000000e8700000, 0x00000000e8700000| Untracked 
| 136|0x00000000e8800000, 0x00000000e8800000, 0x00000000e8900000|  0%| F|  |TAMS 0x00000000e8800000, 0x00000000e8800000| Untracked 
| 137|0x00000000e8900000, 0x00000000e8900000, 0x00000000e8a00000|  0%| F|  |TAMS 0x00000000e8900000, 0x00000000e8900000| Untracked 
| 138|0x00000000e8a00000, 0x00000000e8a00000, 0x00000000e8b00000|  0%| F|  |TAMS 0x00000000e8a00000, 0x00000000e8a00000| Untracked 
| 139|0x00000000e8b00000, 0x00000000e8b00000, 0x00000000e8c00000|  0%| F|  |TAMS 0x00000000e8b00000, 0x00000000e8b00000| Untracked 
| 140|0x00000000e8c00000, 0x00000000e8c00000, 0x00000000e8d00000|  0%| F|  |TAMS 0x00000000e8c00000, 0x00000000e8c00000| Untracked 
| 141|0x00000000e8d00000, 0x00000000e8d00000, 0x00000000e8e00000|  0%| F|  |TAMS 0x00000000e8d00000, 0x00000000e8d00000| Untracked 
| 142|0x00000000e8e00000, 0x00000000e8e00000, 0x00000000e8f00000|  0%| F|  |TAMS 0x00000000e8e00000, 0x00000000e8e00000| Untracked 
| 143|0x00000000e8f00000, 0x00000000e8f00000, 0x00000000e9000000|  0%| F|  |TAMS 0x00000000e8f00000, 0x00000000e8f00000| Untracked 
| 144|0x00000000e9000000, 0x00000000e9000000, 0x00000000e9100000|  0%| F|  |TAMS 0x00000000e9000000, 0x00000000e9000000| Untracked 
| 145|0x00000000e9100000, 0x00000000e9100000, 0x00000000e9200000|  0%| F|  |TAMS 0x00000000e9100000, 0x00000000e9100000| Untracked 
| 146|0x00000000e9200000, 0x00000000e9200000, 0x00000000e9300000|  0%| F|  |TAMS 0x00000000e9200000, 0x00000000e9200000| Untracked 
| 147|0x00000000e9300000, 0x00000000e9300000, 0x00000000e9400000|  0%| F|  |TAMS 0x00000000e9300000, 0x00000000e9300000| Untracked 
| 148|0x00000000e9400000, 0x00000000e9400000, 0x00000000e9500000|  0%| F|  |TAMS 0x00000000e9400000, 0x00000000e9400000| Untracked 
| 149|0x00000000e9500000, 0x00000000e9500000, 0x00000000e9600000|  0%| F|  |TAMS 0x00000000e9500000, 0x00000000e9500000| Untracked 
| 150|0x00000000e9600000, 0x00000000e9600000, 0x00000000e9700000|  0%| F|  |TAMS 0x00000000e9600000, 0x00000000e9600000| Untracked 
| 151|0x00000000e9700000, 0x00000000e9700000, 0x00000000e9800000|  0%| F|  |TAMS 0x00000000e9700000, 0x00000000e9700000| Untracked 
| 152|0x00000000e9800000, 0x00000000e9800000, 0x00000000e9900000|  0%| F|  |TAMS 0x00000000e9800000, 0x00000000e9800000| Untracked 
| 153|0x00000000e9900000, 0x00000000e9900000, 0x00000000e9a00000|  0%| F|  |TAMS 0x00000000e9900000, 0x00000000e9900000| Untracked 
| 154|0x00000000e9a00000, 0x00000000e9a00000, 0x00000000e9b00000|  0%| F|  |TAMS 0x00000000e9a00000, 0x00000000e9a00000| Untracked 
| 155|0x00000000e9b00000, 0x00000000e9b00000, 0x00000000e9c00000|  0%| F|  |TAMS 0x00000000e9b00000, 0x00000000e9b00000| Untracked 
| 156|0x00000000e9c00000, 0x00000000e9c00000, 0x00000000e9d00000|  0%| F|  |TAMS 0x00000000e9c00000, 0x00000000e9c00000| Untracked 
| 157|0x00000000e9d00000, 0x00000000e9d00000, 0x00000000e9e00000|  0%| F|  |TAMS 0x00000000e9d00000, 0x00000000e9d00000| Untracked 
| 158|0x00000000e9e00000, 0x00000000e9e00000, 0x00000000e9f00000|  0%| F|  |TAMS 0x00000000e9e00000, 0x00000000e9e00000| Untracked 
| 159|0x00000000e9f00000, 0x00000000e9f00000, 0x00000000ea000000|  0%| F|  |TAMS 0x00000000e9f00000, 0x00000000e9f00000| Untracked 
| 160|0x00000000ea000000, 0x00000000ea000000, 0x00000000ea100000|  0%| F|  |TAMS 0x00000000ea000000, 0x00000000ea000000| Untracked 
| 161|0x00000000ea100000, 0x00000000ea100000, 0x00000000ea200000|  0%| F|  |TAMS 0x00000000ea100000, 0x00000000ea100000| Untracked 
| 162|0x00000000ea200000, 0x00000000ea200000, 0x00000000ea300000|  0%| F|  |TAMS 0x00000000ea200000, 0x00000000ea200000| Untracked 
| 163|0x00000000ea300000, 0x00000000ea300000, 0x00000000ea400000|  0%| F|  |TAMS 0x00000000ea300000, 0x00000000ea300000| Untracked 
| 164|0x00000000ea400000, 0x00000000ea400000, 0x00000000ea500000|  0%| F|  |TAMS 0x00000000ea400000, 0x00000000ea400000| Untracked 
| 165|0x00000000ea500000, 0x00000000ea500000, 0x00000000ea600000|  0%| F|  |TAMS 0x00000000ea500000, 0x00000000ea500000| Untracked 
| 166|0x00000000ea600000, 0x00000000ea600000, 0x00000000ea700000|  0%| F|  |TAMS 0x00000000ea600000, 0x00000000ea600000| Untracked 
| 167|0x00000000ea700000, 0x00000000ea700000, 0x00000000ea800000|  0%| F|  |TAMS 0x00000000ea700000, 0x00000000ea700000| Untracked 
| 168|0x00000000ea800000, 0x00000000ea800000, 0x00000000ea900000|  0%| F|  |TAMS 0x00000000ea800000, 0x00000000ea800000| Untracked 
| 169|0x00000000ea900000, 0x00000000ea900000, 0x00000000eaa00000|  0%| F|  |TAMS 0x00000000ea900000, 0x00000000ea900000| Untracked 
| 170|0x00000000eaa00000, 0x00000000eaa00000, 0x00000000eab00000|  0%| F|  |TAMS 0x00000000eaa00000, 0x00000000eaa00000| Untracked 
| 171|0x00000000eab00000, 0x00000000eab00000, 0x00000000eac00000|  0%| F|  |TAMS 0x00000000eab00000, 0x00000000eab00000| Untracked 
| 172|0x00000000eac00000, 0x00000000eac00000, 0x00000000ead00000|  0%| F|  |TAMS 0x00000000eac00000, 0x00000000eac00000| Untracked 
| 173|0x00000000ead00000, 0x00000000ead00000, 0x00000000eae00000|  0%| F|  |TAMS 0x00000000ead00000, 0x00000000ead00000| Untracked 
| 174|0x00000000eae00000, 0x00000000eae00000, 0x00000000eaf00000|  0%| F|  |TAMS 0x00000000eae00000, 0x00000000eae00000| Untracked 
| 175|0x00000000eaf00000, 0x00000000eaf00000, 0x00000000eb000000|  0%| F|  |TAMS 0x00000000eaf00000, 0x00000000eaf00000| Untracked 
| 176|0x00000000eb000000, 0x00000000eb000000, 0x00000000eb100000|  0%| F|  |TAMS 0x00000000eb000000, 0x00000000eb000000| Untracked 
| 177|0x00000000eb100000, 0x00000000eb100000, 0x00000000eb200000|  0%| F|  |TAMS 0x00000000eb100000, 0x00000000eb100000| Untracked 
| 178|0x00000000eb200000, 0x00000000eb200000, 0x00000000eb300000|  0%| F|  |TAMS 0x00000000eb200000, 0x00000000eb200000| Untracked 
| 179|0x00000000eb300000, 0x00000000eb300000, 0x00000000eb400000|  0%| F|  |TAMS 0x00000000eb300000, 0x00000000eb300000| Untracked 
| 180|0x00000000eb400000, 0x00000000eb400000, 0x00000000eb500000|  0%| F|  |TAMS 0x00000000eb400000, 0x00000000eb400000| Untracked 
| 181|0x00000000eb500000, 0x00000000eb500000, 0x00000000eb600000|  0%| F|  |TAMS 0x00000000eb500000, 0x00000000eb500000| Untracked 
| 182|0x00000000eb600000, 0x00000000eb600000, 0x00000000eb700000|  0%| F|  |TAMS 0x00000000eb600000, 0x00000000eb600000| Untracked 
| 183|0x00000000eb700000, 0x00000000eb700000, 0x00000000eb800000|  0%| F|  |TAMS 0x00000000eb700000, 0x00000000eb700000| Untracked 
| 184|0x00000000eb800000, 0x00000000eb800000, 0x00000000eb900000|  0%| F|  |TAMS 0x00000000eb800000, 0x00000000eb800000| Untracked 
| 185|0x00000000eb900000, 0x00000000eb900000, 0x00000000eba00000|  0%| F|  |TAMS 0x00000000eb900000, 0x00000000eb900000| Untracked 
| 186|0x00000000eba00000, 0x00000000eba00000, 0x00000000ebb00000|  0%| F|  |TAMS 0x00000000eba00000, 0x00000000eba00000| Untracked 
| 187|0x00000000ebb00000, 0x00000000ebb00000, 0x00000000ebc00000|  0%| F|  |TAMS 0x00000000ebb00000, 0x00000000ebb00000| Untracked 
| 188|0x00000000ebc00000, 0x00000000ebc00000, 0x00000000ebd00000|  0%| F|  |TAMS 0x00000000ebc00000, 0x00000000ebc00000| Untracked 
| 189|0x00000000ebd00000, 0x00000000ebd00000, 0x00000000ebe00000|  0%| F|  |TAMS 0x00000000ebd00000, 0x00000000ebd00000| Untracked 
| 190|0x00000000ebe00000, 0x00000000ebe00000, 0x00000000ebf00000|  0%| F|  |TAMS 0x00000000ebe00000, 0x00000000ebe00000| Untracked 
| 191|0x00000000ebf00000, 0x00000000ebf00000, 0x00000000ec000000|  0%| F|  |TAMS 0x00000000ebf00000, 0x00000000ebf00000| Untracked 
| 192|0x00000000ec000000, 0x00000000ec000000, 0x00000000ec100000|  0%| F|  |TAMS 0x00000000ec000000, 0x00000000ec000000| Untracked 
| 193|0x00000000ec100000, 0x00000000ec100000, 0x00000000ec200000|  0%| F|  |TAMS 0x00000000ec100000, 0x00000000ec100000| Untracked 
| 194|0x00000000ec200000, 0x00000000ec200000, 0x00000000ec300000|  0%| F|  |TAMS 0x00000000ec200000, 0x00000000ec200000| Untracked 
| 195|0x00000000ec300000, 0x00000000ec300000, 0x00000000ec400000|  0%| F|  |TAMS 0x00000000ec300000, 0x00000000ec300000| Untracked 
| 196|0x00000000ec400000, 0x00000000ec400000, 0x00000000ec500000|  0%| F|  |TAMS 0x00000000ec400000, 0x00000000ec400000| Untracked 
| 197|0x00000000ec500000, 0x00000000ec500000, 0x00000000ec600000|  0%| F|  |TAMS 0x00000000ec500000, 0x00000000ec500000| Untracked 
| 198|0x00000000ec600000, 0x00000000ec600000, 0x00000000ec700000|  0%| F|  |TAMS 0x00000000ec600000, 0x00000000ec600000| Untracked 
| 199|0x00000000ec700000, 0x00000000ec700000, 0x00000000ec800000|  0%| F|  |TAMS 0x00000000ec700000, 0x00000000ec700000| Untracked 
| 200|0x00000000ec800000, 0x00000000ec800000, 0x00000000ec900000|  0%| F|  |TAMS 0x00000000ec800000, 0x00000000ec800000| Untracked 
| 201|0x00000000ec900000, 0x00000000ec900000, 0x00000000eca00000|  0%| F|  |TAMS 0x00000000ec900000, 0x00000000ec900000| Untracked 
| 202|0x00000000eca00000, 0x00000000eca00000, 0x00000000ecb00000|  0%| F|  |TAMS 0x00000000eca00000, 0x00000000eca00000| Untracked 
| 203|0x00000000ecb00000, 0x00000000ecb00000, 0x00000000ecc00000|  0%| F|  |TAMS 0x00000000ecb00000, 0x00000000ecb00000| Untracked 
| 204|0x00000000ecc00000, 0x00000000ecc00000, 0x00000000ecd00000|  0%| F|  |TAMS 0x00000000ecc00000, 0x00000000ecc00000| Untracked 
| 205|0x00000000ecd00000, 0x00000000ecd00000, 0x00000000ece00000|  0%| F|  |TAMS 0x00000000ecd00000, 0x00000000ecd00000| Untracked 
| 206|0x00000000ece00000, 0x00000000ece00000, 0x00000000ecf00000|  0%| F|  |TAMS 0x00000000ece00000, 0x00000000ece00000| Untracked 
| 207|0x00000000ecf00000, 0x00000000ecf00000, 0x00000000ed000000|  0%| F|  |TAMS 0x00000000ecf00000, 0x00000000ecf00000| Untracked 
| 208|0x00000000ed000000, 0x00000000ed000000, 0x00000000ed100000|  0%| F|  |TAMS 0x00000000ed000000, 0x00000000ed000000| Untracked 
| 209|0x00000000ed100000, 0x00000000ed100000, 0x00000000ed200000|  0%| F|  |TAMS 0x00000000ed100000, 0x00000000ed100000| Untracked 
| 210|0x00000000ed200000, 0x00000000ed200000, 0x00000000ed300000|  0%| F|  |TAMS 0x00000000ed200000, 0x00000000ed200000| Untracked 
| 211|0x00000000ed300000, 0x00000000ed300000, 0x00000000ed400000|  0%| F|  |TAMS 0x00000000ed300000, 0x00000000ed300000| Untracked 
| 212|0x00000000ed400000, 0x00000000ed400000, 0x00000000ed500000|  0%| F|  |TAMS 0x00000000ed400000, 0x00000000ed400000| Untracked 
| 213|0x00000000ed500000, 0x00000000ed500000, 0x00000000ed600000|  0%| F|  |TAMS 0x00000000ed500000, 0x00000000ed500000| Untracked 
| 214|0x00000000ed600000, 0x00000000ed600000, 0x00000000ed700000|  0%| F|  |TAMS 0x00000000ed600000, 0x00000000ed600000| Untracked 
| 215|0x00000000ed700000, 0x00000000ed700000, 0x00000000ed800000|  0%| F|  |TAMS 0x00000000ed700000, 0x00000000ed700000| Untracked 
| 216|0x00000000ed800000, 0x00000000ed800000, 0x00000000ed900000|  0%| F|  |TAMS 0x00000000ed800000, 0x00000000ed800000| Untracked 
| 217|0x00000000ed900000, 0x00000000ed900000, 0x00000000eda00000|  0%| F|  |TAMS 0x00000000ed900000, 0x00000000ed900000| Untracked 
| 218|0x00000000eda00000, 0x00000000eda00000, 0x00000000edb00000|  0%| F|  |TAMS 0x00000000eda00000, 0x00000000eda00000| Untracked 
| 219|0x00000000edb00000, 0x00000000edb00000, 0x00000000edc00000|  0%| F|  |TAMS 0x00000000edb00000, 0x00000000edb00000| Untracked 
| 220|0x00000000edc00000, 0x00000000edc00000, 0x00000000edd00000|  0%| F|  |TAMS 0x00000000edc00000, 0x00000000edc00000| Untracked 
| 221|0x00000000edd00000, 0x00000000edd00000, 0x00000000ede00000|  0%| F|  |TAMS 0x00000000edd00000, 0x00000000edd00000| Untracked 
| 222|0x00000000ede00000, 0x00000000ede00000, 0x00000000edf00000|  0%| F|  |TAMS 0x00000000ede00000, 0x00000000ede00000| Untracked 
| 223|0x00000000edf00000, 0x00000000edf00000, 0x00000000ee000000|  0%| F|  |TAMS 0x00000000edf00000, 0x00000000edf00000| Untracked 
| 224|0x00000000ee000000, 0x00000000ee000000, 0x00000000ee100000|  0%| F|  |TAMS 0x00000000ee000000, 0x00000000ee000000| Untracked 
| 225|0x00000000ee100000, 0x00000000ee100000, 0x00000000ee200000|  0%| F|  |TAMS 0x00000000ee100000, 0x00000000ee100000| Untracked 
| 226|0x00000000ee200000, 0x00000000ee200000, 0x00000000ee300000|  0%| F|  |TAMS 0x00000000ee200000, 0x00000000ee200000| Untracked 
| 227|0x00000000ee300000, 0x00000000ee300000, 0x00000000ee400000|  0%| F|  |TAMS 0x00000000ee300000, 0x00000000ee300000| Untracked 
| 228|0x00000000ee400000, 0x00000000ee400000, 0x00000000ee500000|  0%| F|  |TAMS 0x00000000ee400000, 0x00000000ee400000| Untracked 
| 229|0x00000000ee500000, 0x00000000ee500000, 0x00000000ee600000|  0%| F|  |TAMS 0x00000000ee500000, 0x00000000ee500000| Untracked 
| 230|0x00000000ee600000, 0x00000000ee600000, 0x00000000ee700000|  0%| F|  |TAMS 0x00000000ee600000, 0x00000000ee600000| Untracked 
| 231|0x00000000ee700000, 0x00000000ee700000, 0x00000000ee800000|  0%| F|  |TAMS 0x00000000ee700000, 0x00000000ee700000| Untracked 
| 232|0x00000000ee800000, 0x00000000ee800000, 0x00000000ee900000|  0%| F|  |TAMS 0x00000000ee800000, 0x00000000ee800000| Untracked 
| 233|0x00000000ee900000, 0x00000000ee900000, 0x00000000eea00000|  0%| F|  |TAMS 0x00000000ee900000, 0x00000000ee900000| Untracked 
| 234|0x00000000eea00000, 0x00000000eea00000, 0x00000000eeb00000|  0%| F|  |TAMS 0x00000000eea00000, 0x00000000eea00000| Untracked 
| 235|0x00000000eeb00000, 0x00000000eeb00000, 0x00000000eec00000|  0%| F|  |TAMS 0x00000000eeb00000, 0x00000000eeb00000| Untracked 
| 236|0x00000000eec00000, 0x00000000eec00000, 0x00000000eed00000|  0%| F|  |TAMS 0x00000000eec00000, 0x00000000eec00000| Untracked 
| 237|0x00000000eed00000, 0x00000000eed00000, 0x00000000eee00000|  0%| F|  |TAMS 0x00000000eed00000, 0x00000000eed00000| Untracked 
| 238|0x00000000eee00000, 0x00000000eee00000, 0x00000000eef00000|  0%| F|  |TAMS 0x00000000eee00000, 0x00000000eee00000| Untracked 
| 239|0x00000000eef00000, 0x00000000eefa26f0, 0x00000000ef000000| 63%| E|  |TAMS 0x00000000eef00000, 0x00000000eef00000| Complete 
| 240|0x00000000ef000000, 0x00000000ef100000, 0x00000000ef100000|100%| E|CS|TAMS 0x00000000ef000000, 0x00000000ef000000| Complete 
| 241|0x00000000ef100000, 0x00000000ef200000, 0x00000000ef200000|100%| E|CS|TAMS 0x00000000ef100000, 0x00000000ef100000| Complete 
| 242|0x00000000ef200000, 0x00000000ef300000, 0x00000000ef300000|100%| E|CS|TAMS 0x00000000ef200000, 0x00000000ef200000| Complete 
| 243|0x00000000ef300000, 0x00000000ef400000, 0x00000000ef400000|100%| E|CS|TAMS 0x00000000ef300000, 0x00000000ef300000| Complete 
| 244|0x00000000ef400000, 0x00000000ef500000, 0x00000000ef500000|100%| E|CS|TAMS 0x00000000ef400000, 0x00000000ef400000| Complete 
| 245|0x00000000ef500000, 0x00000000ef600000, 0x00000000ef600000|100%| E|CS|TAMS 0x00000000ef500000, 0x00000000ef500000| Complete 
| 246|0x00000000ef600000, 0x00000000ef700000, 0x00000000ef700000|100%| E|CS|TAMS 0x00000000ef600000, 0x00000000ef600000| Complete 
| 247|0x00000000ef700000, 0x00000000ef800000, 0x00000000ef800000|100%| E|CS|TAMS 0x00000000ef700000, 0x00000000ef700000| Complete 
| 248|0x00000000ef800000, 0x00000000ef900000, 0x00000000ef900000|100%| E|CS|TAMS 0x00000000ef800000, 0x00000000ef800000| Complete 
| 249|0x00000000ef900000, 0x00000000efa00000, 0x00000000efa00000|100%| E|CS|TAMS 0x00000000ef900000, 0x00000000ef900000| Complete 
| 250|0x00000000efa00000, 0x00000000efb00000, 0x00000000efb00000|100%| E|CS|TAMS 0x00000000efa00000, 0x00000000efa00000| Complete 
| 251|0x00000000efb00000, 0x00000000efc00000, 0x00000000efc00000|100%| E|CS|TAMS 0x00000000efb00000, 0x00000000efb00000| Complete 
| 252|0x00000000efc00000, 0x00000000efd00000, 0x00000000efd00000|100%| E|CS|TAMS 0x00000000efc00000, 0x00000000efc00000| Complete 
| 253|0x00000000efd00000, 0x00000000efe00000, 0x00000000efe00000|100%| E|CS|TAMS 0x00000000efd00000, 0x00000000efd00000| Complete 
| 254|0x00000000efe00000, 0x00000000eff00000, 0x00000000eff00000|100%| E|CS|TAMS 0x00000000efe00000, 0x00000000efe00000| Complete 
| 255|0x00000000eff00000, 0x00000000f0000000, 0x00000000f0000000|100%| E|CS|TAMS 0x00000000eff00000, 0x00000000eff00000| Complete 

Card table byte_map: [0x0000019b55010000,0x0000019b55110000] _byte_map_base: 0x0000019b54910000

Marking Bits (Prev, Next): (CMBitMap*) 0x0000019b3d88e818, (CMBitMap*) 0x0000019b3d88e850
 Prev Bits: [0x0000019b55210000, 0x0000019b55a10000)
 Next Bits: [0x0000019b55a10000, 0x0000019b56210000)

Polling page: 0x0000019b3d050000

Metaspace:

Usage:
  Non-class:     47.82 MB capacity,    46.72 MB ( 98%) used,   953.03 KB (  2%) free+waste,   173.69 KB ( <1%) overhead. 
      Class:      7.77 MB capacity,     7.15 MB ( 92%) used,   549.10 KB (  7%) free+waste,    84.56 KB (  1%) overhead. 
       Both:     55.59 MB capacity,    53.87 MB ( 97%) used,     1.47 MB (  3%) free+waste,   258.25 KB ( <1%) overhead. 

Virtual space:
  Non-class space:       48.00 MB reserved,      48.00 MB (100%) committed 
      Class space:      248.00 MB reserved,       7.88 MB (  3%) committed 
             Both:      296.00 MB reserved,      55.88 MB ( 19%) committed 

Chunk freelists:
   Non-Class:  0 bytes
       Class:  1.50 KB
        Both:  1.50 KB

CodeHeap 'non-profiled nmethods': size=120000Kb used=2703Kb max_used=2703Kb free=117296Kb
 bounds [0x0000019b4d6b0000, 0x0000019b4d960000, 0x0000019b54be0000]
CodeHeap 'profiled nmethods': size=120000Kb used=10597Kb max_used=10597Kb free=109402Kb
 bounds [0x0000019b46180000, 0x0000019b46be0000, 0x0000019b4d6b0000]
CodeHeap 'non-nmethods': size=5760Kb used=2236Kb max_used=2271Kb free=3523Kb
 bounds [0x0000019b45be0000, 0x0000019b45e50000, 0x0000019b46180000]
 total_blobs=6981 nmethods=4840 adapters=725
 compilation: enabled
              stopped_count=0, restarted_count=0
 full_count=0

Compilation events (10 events):
Event: 88.425 Thread 0x0000019b594f8000 5130       1       org.gradle.api.internal.tasks.properties.bean.RuntimeBeanNode::getBean (5 bytes)
Event: 88.425 Thread 0x0000019b594f8000 nmethod 5130 0x0000019b4d953790 code [0x0000019b4d953940, 0x0000019b4d953a58]
Event: 88.426 Thread 0x0000019b594f8000 5131       1       org.gradle.api.internal.tasks.properties.AbstractPropertySpec::getPropertyName (5 bytes)
Event: 88.426 Thread 0x0000019b594f8000 nmethod 5131 0x0000019b4d953b10 code [0x0000019b4d953cc0, 0x0000019b4d953dd8]
Event: 88.430 Thread 0x0000019b594f8000 5132       3       java.util.concurrent.ScheduledThreadPoolExecutor::canRunInCurrentRunState (61 bytes)
Event: 88.432 Thread 0x0000019b594f8000 nmethod 5132 0x0000019b46bdb890 code [0x0000019b46bdbac0, 0x0000019b46bdc350]
Event: 88.432 Thread 0x0000019b594f8000 5133       3       java.util.HashMap$Values::spliterator (16 bytes)
Event: 88.432 Thread 0x0000019b594f8000 nmethod 5133 0x0000019b46bdc590 code [0x0000019b46bdc760, 0x0000019b46bdc9f0]
Event: 88.433 Thread 0x0000019b594f8000 5134       3       java.util.HashMap$ValueSpliterator::<init> (12 bytes)
Event: 88.433 Thread 0x0000019b594f8000 nmethod 5134 0x0000019b46bdcb10 code [0x0000019b46bdcce0, 0x0000019b46bdcf58]

GC Heap History (10 events):
Event: 55.523 GC heap before
{Heap before GC invocations=1 (full 0):
 garbage-first heap   total 262144K, used 113813K [0x00000000e0000000, 0x0000000100000000)
  region size 1024K, 105 young (107520K), 3 survivors (3072K)
 Metaspace       used 20758K, capacity 21095K, committed 21248K, reserved 272384K
  class space    used 2549K, capacity 2711K, committed 2816K, reserved 253952K
}
Event: 55.538 GC heap after
{Heap after GC invocations=2 (full 0):
 garbage-first heap   total 262144K, used 16826K [0x00000000e0000000, 0x0000000100000000)
  region size 1024K, 11 young (11264K), 11 survivors (11264K)
 Metaspace       used 20758K, capacity 21095K, committed 21248K, reserved 272384K
  class space    used 2549K, capacity 2711K, committed 2816K, reserved 253952K
}
Event: 60.441 GC heap before
{Heap before GC invocations=3 (full 0):
 garbage-first heap   total 262144K, used 65978K [0x00000000e0000000, 0x0000000100000000)
  region size 1024K, 59 young (60416K), 11 survivors (11264K)
 Metaspace       used 25781K, capacity 26370K, committed 26624K, reserved 278528K
  class space    used 3355K, capacity 3581K, committed 3584K, reserved 253952K
}
Event: 60.517 GC heap after
{Heap after GC invocations=4 (full 0):
 garbage-first heap   total 262144K, used 18901K [0x00000000e0000000, 0x0000000100000000)
  region size 1024K, 3 young (3072K), 3 survivors (3072K)
 Metaspace       used 25781K, capacity 26370K, committed 26624K, reserved 278528K
  class space    used 3355K, capacity 3581K, committed 3584K, reserved 253952K
}
Event: 71.581 GC heap before
{Heap before GC invocations=4 (full 0):
 garbage-first heap   total 262144K, used 89557K [0x00000000e0000000, 0x0000000100000000)
  region size 1024K, 73 young (74752K), 3 survivors (3072K)
 Metaspace       used 34920K, capacity 35746K, committed 35840K, reserved 286720K
  class space    used 4559K, capacity 4903K, committed 4992K, reserved 253952K
}
Event: 71.690 GC heap after
{Heap after GC invocations=5 (full 0):
 garbage-first heap   total 262144K, used 21859K [0x00000000e0000000, 0x0000000100000000)
  region size 1024K, 6 young (6144K), 6 survivors (6144K)
 Metaspace       used 34920K, capacity 35746K, committed 35840K, reserved 286720K
  class space    used 4559K, capacity 4903K, committed 4992K, reserved 253952K
}
Event: 80.800 GC heap before
{Heap before GC invocations=6 (full 0):
 garbage-first heap   total 262144K, used 129379K [0x00000000e0000000, 0x0000000100000000)
  region size 1024K, 108 young (110592K), 6 survivors (6144K)
 Metaspace       used 44934K, capacity 45909K, committed 46080K, reserved 294912K
  class space    used 5753K, capacity 6127K, committed 6144K, reserved 253952K
}
Event: 80.819 GC heap after
{Heap after GC invocations=7 (full 0):
 garbage-first heap   total 262144K, used 29666K [0x00000000e0000000, 0x0000000100000000)
  region size 1024K, 13 young (13312K), 13 survivors (13312K)
 Metaspace       used 44934K, capacity 45909K, committed 46080K, reserved 294912K
  class space    used 5753K, capacity 6127K, committed 6144K, reserved 253952K
}
Event: 87.675 GC heap before
{Heap before GC invocations=7 (full 0):
 garbage-first heap   total 262144K, used 161762K [0x00000000e0000000, 0x0000000100000000)
  region size 1024K, 142 young (145408K), 13 survivors (13312K)
 Metaspace       used 54470K, capacity 56011K, committed 56192K, reserved 303104K
  class space    used 7201K, capacity 7801K, committed 7808K, reserved 253952K
}
Event: 87.806 GC heap after
{Heap after GC invocations=8 (full 0):
 garbage-first heap   total 262144K, used 35590K [0x00000000e0000000, 0x0000000100000000)
  region size 1024K, 14 young (14336K), 14 survivors (14336K)
 Metaspace       used 54470K, capacity 56011K, committed 56192K, reserved 303104K
  class space    used 7201K, capacity 7801K, committed 7808K, reserved 253952K
}

Deoptimization events (10 events):
Event: 87.271 Thread 0x0000019b5a4c9000 Uncommon trap: reason=profile_predicate action=maybe_recompile pc=0x0000019b4d938408 method=java.util.TreeMap.getEntryUsingComparator(Ljava/lang/Object;)Ljava/util/TreeMap$Entry; @ 19 c2
Event: 87.271 Thread 0x0000019b5a4c9000 Uncommon trap: reason=profile_predicate action=maybe_recompile pc=0x0000019b4d938408 method=java.util.TreeMap.getEntryUsingComparator(Ljava/lang/Object;)Ljava/util/TreeMap$Entry; @ 19 c2
Event: 87.271 Thread 0x0000019b5a4c9000 Uncommon trap: reason=profile_predicate action=maybe_recompile pc=0x0000019b4d938408 method=java.util.TreeMap.getEntryUsingComparator(Ljava/lang/Object;)Ljava/util/TreeMap$Entry; @ 19 c2
Event: 87.442 Thread 0x0000019b5a4c9000 Uncommon trap: reason=bimorphic_or_optimized_type_check action=maybe_recompile pc=0x0000019b4d7f35f8 method=java.util.Spliterators$IteratorSpliterator.tryAdvance(Ljava/util/function/Consumer;)Z @ 50 c2
Event: 87.442 Thread 0x0000019b5a4c9000 Uncommon trap: reason=bimorphic_or_optimized_type_check action=maybe_recompile pc=0x0000019b4d7f35f8 method=java.util.Spliterators$IteratorSpliterator.tryAdvance(Ljava/util/function/Consumer;)Z @ 50 c2
Event: 88.167 Thread 0x0000019b5a4c9000 Uncommon trap: reason=bimorphic_or_optimized_type_check action=maybe_recompile pc=0x0000019b4d895590 method=java.util.AbstractCollection.addAll(Ljava/util/Collection;)Z @ 29 c2
Event: 88.199 Thread 0x0000019b5a4c9000 Uncommon trap: reason=unstable_if action=reinterpret pc=0x0000019b4d85dd70 method=java.util.StringJoiner.add(Ljava/lang/CharSequence;)Ljava/util/StringJoiner; @ 33 c2
Event: 88.387 Thread 0x0000019b5bdbd000 Uncommon trap: reason=speculate_null_assert action=make_not_entrant pc=0x0000019b4d8cf7d4 method=java.lang.invoke.MethodType$ConcurrentWeakInternSet.add(Ljava/lang/Object;)Ljava/lang/Object; @ 47 c2
Event: 88.432 Thread 0x0000019b5bdbd000 Uncommon trap: reason=bimorphic_or_optimized_type_check action=maybe_recompile pc=0x0000019b4d7f35f8 method=java.util.Spliterators$IteratorSpliterator.tryAdvance(Ljava/util/function/Consumer;)Z @ 50 c2
Event: 88.446 Thread 0x0000019b5bdbd000 Uncommon trap: reason=class_check action=maybe_recompile pc=0x0000019b4d862808 method=java.util.stream.StreamOpFlag.fromCharacteristics(Ljava/util/Spliterator;)I @ 14 c2

Classes redefined (0 events):
No events

Internal exceptions (10 events):
Event: 88.290 Thread 0x0000019b5a4c9000 Exception <a 'java/lang/ClassNotFoundException'{0x00000000ef53cfa0}: org/gradle/api/tasks/AbstractCopyTaskBeanInfo> (0x00000000ef53cfa0) thrown at [t:/workspace/open/src/hotspot/share/classfile/systemDictionary.cpp, line 231]
Event: 88.291 Thread 0x0000019b5a4c9000 Exception <a 'java/lang/ClassNotFoundException'{0x00000000ef553340}: org/gradle/api/tasks/AbstractCopyTaskCustomizer> (0x00000000ef553340) thrown at [t:/workspace/open/src/hotspot/share/classfile/systemDictionary.cpp, line 231]
Event: 88.298 Thread 0x0000019b5a4c9000 Exception <a 'java/lang/ClassNotFoundException'{0x00000000ef5d5d10}: org/gradle/api/tasks/CopyCustomizer> (0x00000000ef5d5d10) thrown at [t:/workspace/open/src/hotspot/share/classfile/systemDictionary.cpp, line 231]
Event: 88.300 Thread 0x0000019b5a4c9000 Exception <a 'java/lang/ClassNotFoundException'{0x00000000ef40f108}: org/gradle/language/jvm/tasks/ProcessResourcesCustomizer> (0x00000000ef40f108) thrown at [t:/workspace/open/src/hotspot/share/classfile/systemDictionary.cpp, line 231]
Event: 88.303 Thread 0x0000019b5a4c9000 Exception <a 'java/lang/ClassNotFoundException'{0x00000000ef447fc0}: org/gradle/language/jvm/tasks/ProcessResources_DecoratedCustomizer> (0x00000000ef447fc0) thrown at [t:/workspace/open/src/hotspot/share/classfile/systemDictionary.cpp, line 231]
Event: 88.312 Thread 0x0000019b5a4c9000 Exception <a 'java/lang/ClassNotFoundException'{0x00000000ef4f1798}: org/gradle/api/DefaultTask_DecoratedBeanInfo> (0x00000000ef4f1798) thrown at [t:/workspace/open/src/hotspot/share/classfile/systemDictionary.cpp, line 231]
Event: 88.312 Thread 0x0000019b5a4c9000 Exception <a 'java/lang/ClassNotFoundException'{0x00000000ef307e10}: org/gradle/api/DefaultTask_DecoratedCustomizer> (0x00000000ef307e10) thrown at [t:/workspace/open/src/hotspot/share/classfile/systemDictionary.cpp, line 231]
Event: 88.327 Thread 0x0000019b5a4c9000 Exception <a 'java/lang/ClassNotFoundException'{0x00000000ef3a15c8}: java/lang/ClassBeanInfo> (0x00000000ef3a15c8) thrown at [t:/workspace/open/src/hotspot/share/classfile/systemDictionary.cpp, line 231]
Event: 88.327 Thread 0x0000019b5a4c9000 Exception <a 'java/lang/ClassNotFoundException'{0x00000000ef3ab480}: java/lang/ClassCustomizer> (0x00000000ef3ab480) thrown at [t:/workspace/open/src/hotspot/share/classfile/systemDictionary.cpp, line 231]
Event: 88.416 Thread 0x0000019b5bdbd000 Exception <a 'java/lang/NoSuchMethodError'{0x00000000ef070568}: java.lang.invoke.Invokers$Holder.linkToTargetMethod(Ljava/lang/Object;Ljava/lang/Object;Ljava/lang/Object;ILjava/lang/Object;Ljava/lang/Object;)Ljava/lang/Object;> (0x00000000ef070568) thrown

Events (10 events):
Event: 88.451 loading class org/gradle/internal/file/ReservedFileSystemLocationRegistry
Event: 88.451 loading class org/gradle/internal/file/ReservedFileSystemLocationRegistry done
Event: 88.451 loading class org/gradle/api/internal/changedetection/TaskExecutionModeResolver
Event: 88.451 loading class org/gradle/api/internal/changedetection/TaskExecutionModeResolver done
Event: 88.452 loading class org/gradle/api/internal/tasks/execution/TaskCacheabilityResolver
Event: 88.452 loading class org/gradle/api/internal/tasks/execution/TaskCacheabilityResolver done
Event: 88.452 loading class org/gradle/api/execution/TaskActionListener
Event: 88.452 loading class org/gradle/api/execution/TaskActionListener done
Event: 88.453 loading class org/gradle/execution/plan/ExecutionNodeAccessHierarchies$InputNodeAccessHierarchy
Event: 88.453 loading class org/gradle/execution/plan/ExecutionNodeAccessHierarchies$InputNodeAccessHierarchy done


Dynamic libraries:
0x00007ff6348e0000 - 0x00007ff634927000 	C:\Program Files\Java\jdk-11.0.5\bin\java.exe
0x00007ff8c2160000 - 0x00007ff8c2369000 	C:\WINDOWS\SYSTEM32\ntdll.dll
0x00007ff8c07d0000 - 0x00007ff8c088d000 	C:\WINDOWS\System32\KERNEL32.DLL
0x00007ff8bf850000 - 0x00007ff8bfbc9000 	C:\WINDOWS\System32\KERNELBASE.dll
0x00007ff8c2070000 - 0x00007ff8c211e000 	C:\WINDOWS\System32\ADVAPI32.dll
0x00007ff8c1830000 - 0x00007ff8c18d3000 	C:\WINDOWS\System32\msvcrt.dll
0x00007ff8c0890000 - 0x00007ff8c092e000 	C:\WINDOWS\System32\sechost.dll
0x00007ff8c1480000 - 0x00007ff8c15a0000 	C:\WINDOWS\System32\RPCRT4.dll
0x00007ff8c0600000 - 0x00007ff8c07ac000 	C:\WINDOWS\System32\USER32.dll
0x00007ff8bfd90000 - 0x00007ff8bfdb6000 	C:\WINDOWS\System32\win32u.dll
0x00007ff8c0a30000 - 0x00007ff8c0a59000 	C:\WINDOWS\System32\GDI32.dll
0x00007ff8bfc70000 - 0x00007ff8bfd82000 	C:\WINDOWS\System32\gdi32full.dll
0x00007ff8bfbd0000 - 0x00007ff8bfc6d000 	C:\WINDOWS\System32\msvcp_win.dll
0x00007ff8bf6b0000 - 0x00007ff8bf7c1000 	C:\WINDOWS\System32\ucrtbase.dll
0x00007ff8aa7d0000 - 0x00007ff8aaa75000 	C:\WINDOWS\WinSxS\amd64_microsoft.windows.common-controls_6595b64144ccf1df_6.0.22000.120_none_9d947278b86cc467\COMCTL32.dll
0x00007ff8b9020000 - 0x00007ff8b902a000 	C:\WINDOWS\SYSTEM32\VERSION.dll
0x00007ff8c1640000 - 0x00007ff8c1671000 	C:\WINDOWS\System32\IMM32.DLL
0x00007ff89e990000 - 0x00007ff89e9a6000 	C:\Program Files\Java\jdk-11.0.5\bin\vcruntime140.dll
0x00007ff88f530000 - 0x00007ff88f5da000 	C:\Program Files\Java\jdk-11.0.5\bin\msvcp140.dll
0x00007ff86fef0000 - 0x00007ff870a18000 	C:\Program Files\Java\jdk-11.0.5\bin\server\jvm.dll
0x00007ff8c2000000 - 0x00007ff8c2008000 	C:\WINDOWS\System32\PSAPI.DLL
0x00007ff8b8fe0000 - 0x00007ff8b9013000 	C:\WINDOWS\SYSTEM32\WINMM.dll
0x00007ff8bb2c0000 - 0x00007ff8bb2c9000 	C:\WINDOWS\SYSTEM32\WSOCK32.dll
0x00007ff8c1760000 - 0x00007ff8c17cf000 	C:\WINDOWS\System32\WS2_32.dll
0x00007ff8be740000 - 0x00007ff8be758000 	C:\WINDOWS\SYSTEM32\kernel.appcore.dll
0x00007ff89e850000 - 0x00007ff89e861000 	C:\Program Files\Java\jdk-11.0.5\bin\verify.dll
0x00007ff8bd560000 - 0x00007ff8bd781000 	C:\WINDOWS\SYSTEM32\DBGHELP.DLL
0x00007ff8a7940000 - 0x00007ff8a7971000 	C:\WINDOWS\SYSTEM32\dbgcore.DLL
0x00007ff8bf7d0000 - 0x00007ff8bf84f000 	C:\WINDOWS\System32\bcryptPrimitives.dll
0x00007ff89e0f0000 - 0x00007ff89e119000 	C:\Program Files\Java\jdk-11.0.5\bin\java.dll
0x00007ff89e0d0000 - 0x00007ff89e0e6000 	C:\Program Files\Java\jdk-11.0.5\bin\zip.dll
0x00007ff8b1480000 - 0x00007ff8b148a000 	C:\Program Files\Java\jdk-11.0.5\bin\jimage.dll
0x00007ff8c0b00000 - 0x00007ff8c12b8000 	C:\WINDOWS\System32\SHELL32.dll
0x00007ff8bd7b0000 - 0x00007ff8be018000 	C:\WINDOWS\SYSTEM32\windows.storage.dll
0x00007ff8c1b30000 - 0x00007ff8c1ea9000 	C:\WINDOWS\System32\combase.dll
0x00007ff8bd3f0000 - 0x00007ff8bd556000 	C:\WINDOWS\SYSTEM32\wintypes.dll
0x00007ff8c0930000 - 0x00007ff8c0a1a000 	C:\WINDOWS\System32\SHCORE.dll
0x00007ff8c1eb0000 - 0x00007ff8c1f0d000 	C:\WINDOWS\System32\shlwapi.dll
0x00007ff8bf570000 - 0x00007ff8bf591000 	C:\WINDOWS\SYSTEM32\profapi.dll
0x00007ff89a900000 - 0x00007ff89a919000 	C:\Program Files\Java\jdk-11.0.5\bin\net.dll
0x00007ff8b9b80000 - 0x00007ff8b9c8c000 	C:\WINDOWS\SYSTEM32\WINHTTP.dll
0x00007ff8beb70000 - 0x00007ff8bebd7000 	C:\WINDOWS\system32\mswsock.dll
0x00007ff89a170000 - 0x00007ff89a183000 	C:\Program Files\Java\jdk-11.0.5\bin\nio.dll
0x00007ff89ec50000 - 0x00007ff89ec77000 	C:\Users\lenovo\.gradle\native\e1d6ef7f7dcc3fd88c89a11ec53ec762bb8ba0a96d01ffa2cd45eb1d1d8dd5c5\windows-amd64\native-platform.dll
0x00007ff880780000 - 0x00007ff8808c4000 	C:\Users\lenovo\.gradle\native\0d407fdbe67a94daf76414ababcb853783967236a71b16ec16e742cd7a986fd3\windows-amd64\native-platform-file-events.dll
0x00007ff8b0f20000 - 0x00007ff8b0f29000 	C:\Program Files\Java\jdk-11.0.5\bin\management.dll
0x00007ff8af7d0000 - 0x00007ff8af7dc000 	C:\Program Files\Java\jdk-11.0.5\bin\management_ext.dll
0x00007ff8bee50000 - 0x00007ff8bee68000 	C:\WINDOWS\SYSTEM32\CRYPTSP.dll
0x00007ff8be6a0000 - 0x00007ff8be6d5000 	C:\WINDOWS\system32\rsaenh.dll
0x00007ff8bed00000 - 0x00007ff8bed29000 	C:\WINDOWS\SYSTEM32\USERENV.dll
0x00007ff8bf020000 - 0x00007ff8bf047000 	C:\WINDOWS\SYSTEM32\bcrypt.dll
0x00007ff8bee70000 - 0x00007ff8bee7c000 	C:\WINDOWS\SYSTEM32\CRYPTBASE.dll
0x00007ff8be260000 - 0x00007ff8be28d000 	C:\WINDOWS\SYSTEM32\IPHLPAPI.DLL
0x00007ff8c0af0000 - 0x00007ff8c0af9000 	C:\WINDOWS\System32\NSI.dll
0x00007ff8b8bd0000 - 0x00007ff8b8be9000 	C:\WINDOWS\SYSTEM32\dhcpcsvc6.DLL
0x00007ff8ba860000 - 0x00007ff8ba87e000 	C:\WINDOWS\SYSTEM32\dhcpcsvc.DLL
0x00007ff8be290000 - 0x00007ff8be378000 	C:\WINDOWS\SYSTEM32\DNSAPI.dll

dbghelp: loaded successfully - version: 4.0.5 - missing functions: none
symbol engine: initialized successfully - sym options: 0x614 - pdb path: .;C:\Program Files\Java\jdk-11.0.5\bin;C:\WINDOWS\SYSTEM32;C:\WINDOWS\WinSxS\amd64_microsoft.windows.common-controls_6595b64144ccf1df_6.0.22000.120_none_9d947278b86cc467;C:\Program Files\Java\jdk-11.0.5\bin\server;C:\Users\lenovo\.gradle\native\e1d6ef7f7dcc3fd88c89a11ec53ec762bb8ba0a96d01ffa2cd45eb1d1d8dd5c5\windows-amd64;C:\Users\lenovo\.gradle\native\0d407fdbe67a94daf76414ababcb853783967236a71b16ec16e742cd7a986fd3\windows-amd64

VM Arguments:
jvm_args: --add-opens=java.base/java.util=ALL-UNNAMED --add-opens=java.base/java.lang=ALL-UNNAMED --add-opens=java.base/java.lang.invoke=ALL-UNNAMED --add-opens=java.base/java.util=ALL-UNNAMED --add-opens=java.prefs/java.util.prefs=ALL-UNNAMED --add-opens=java.prefs/java.util.prefs=ALL-UNNAMED --add-opens=java.base/java.nio.charset=ALL-UNNAMED --add-opens=java.base/java.net=ALL-UNNAMED --add-opens=java.base/java.util.concurrent.atomic=ALL-UNNAMED -XX:MaxMetaspaceSize=256m -XX:+HeapDumpOnOutOfMemoryError -Xms256m -Xmx512m -Dfile.encoding=windows-1252 -Duser.country=IN -Duser.language=en -Duser.variant 
java_command: org.gradle.launcher.daemon.bootstrap.GradleDaemon 7.4.1
java_class_path (initial): C:\Users\lenovo\.gradle\wrapper\dists\gradle-7.4.1-bin\58kw26xllvsiedyf3nujyarhn\gradle-7.4.1\lib\gradle-launcher-7.4.1.jar
Launcher Type: SUN_STANDARD

[Global flags]
     intx CICompilerCount                          = 4                                         {product} {ergonomic}
   size_t CompressedClassSpaceSize                 = 260046848                                 {product} {ergonomic}
     uint ConcGCThreads                            = 2                                         {product} {ergonomic}
     uint G1ConcRefinementThreads                  = 8                                         {product} {ergonomic}
   size_t G1HeapRegionSize                         = 1048576                                   {product} {ergonomic}
    uintx GCDrainStackTargetSize                   = 64                                        {product} {ergonomic}
     bool HeapDumpOnOutOfMemoryError               = true                                   {manageable} {command line}
   size_t InitialHeapSize                          = 268435456                                 {product} {command line}
   size_t MarkStackSize                            = 4194304                                   {product} {ergonomic}
   size_t MaxHeapSize                              = 536870912                                 {product} {command line}
   size_t MaxMetaspaceSize                         = 268435456                                 {product} {command line}
   size_t MaxNewSize                               = 321912832                                 {product} {ergonomic}
   size_t MinHeapDeltaBytes                        = 1048576                                   {product} {ergonomic}
    uintx NonNMethodCodeHeapSize                   = 5836300                                {pd product} {ergonomic}
    uintx NonProfiledCodeHeapSize                  = 122910970                              {pd product} {ergonomic}
    uintx ProfiledCodeHeapSize                     = 122910970                              {pd product} {ergonomic}
    uintx ReservedCodeCacheSize                    = 251658240                              {pd product} {ergonomic}
     bool SegmentedCodeCache                       = true                                      {product} {ergonomic}
     bool UseCompressedClassPointers               = true                                 {lp64_product} {ergonomic}
     bool UseCompressedOops                        = true                                 {lp64_product} {ergonomic}
     bool UseG1GC                                  = true                                      {product} {ergonomic}
     bool UseLargePagesIndividualAllocation        = false                                  {pd product} {ergonomic}

Logging:
Log output configuration:
 #0: stdout all=warning uptime,level,tags
 #1: stderr all=off uptime,level,tags

Environment Variables:
CLASSPATH=C:\oraclexe\app\oracle\product\11.2.0\server\jdbc\lib\ojdbc6.jar;.
PATH=C:\oraclexe\app\oracle\product\11.2.0\server\bin;C:\Program Files (x86)\VMware\VMware Workstation\bin\;C:\Program Files\Python38\Scripts\;C:\Program Files\Python38\;C:\Program Files (x86)\Intel\iCLS Client\;C:\Program Files\Intel\iCLS Client\;C:\WINDOWS\system32;C:\WINDOWS;C:\WINDOWS\System32\Wbem;C:\WINDOWS\System32\WindowsPowerShell\v1.0\;C:\WINDOWS\System32\OpenSSH\;C:\Program Files (x86)\Intel\Intel(R) Management Engine Components\DAL;C:\Program Files\Intel\Intel(R) Management Engine Components\DAL;C:\Program Files (x86)\Intel\Intel(R) Management Engine Components\IPT;C:\Program Files\Intel\Intel(R) Management Engine Components\IPT;C:\Program Files\Git\cmd;C:\Program Files\Java\jdk-11.0.5\bin;C:\Program Files\JetBrains\IntelliJ IDEA Community Edition 2022.1.3\bin;
USERNAME=lenovo
OS=Windows_NT
PROCESSOR_IDENTIFIER=Intel64 Family 6 Model 142 Stepping 10, GenuineIntel



---------------  S Y S T E M  ---------------

OS: Windows 10 , 64 bit Build 22000 (10.0.22000.708)

CPU:total 8 (initial active 8) (4 cores per cpu, 2 threads per core) family 6 model 142 stepping 10, cmov, cx8, fxsr, mmx, sse, sse2, sse3, ssse3, sse4.1, sse4.2, popcnt, avx, avx2, aes, clmul, erms, 3dnowpref, lzcnt, ht, tsc, tscinvbit, bmi1, bmi2, adx, fma

Memory: 4k page, system-wide physical 4005M (157M free)
TotalPageFile size 8101M (AvailPageFile size 9M)
current process WorkingSet (physical memory assigned to process): 269M, peak: 280M
current process commit charge ("private bytes"): 465M, peak: 467M

vm_info: Java HotSpot(TM) 64-Bit Server VM (11.0.5+10-LTS) for windows-amd64 JRE (11.0.5+10-LTS), built on Oct  6 2019 12:37:14 by "mach5one" with MS VC++ 15.5 (VS2017)

END.
