#
# There is insufficient memory for the Java Runtime Environment to continue.
# Native memory allocation (malloc) failed to allocate 32744 bytes for ChunkPool::allocate
# Possible reasons:
#   The system is out of physical RAM or swap space
#   The process is running with CompressedOops enabled, and the Java Heap may be blocking the growth of the native heap
# Possible solutions:
#   Reduce memory load on the system
#   Increase physical memory or swap space
#   Check if swap backing store is full
#   Decrease Java heap size (-Xmx/-Xms)
#   Decrease number of Java threads
#   Decrease Java thread stack sizes (-Xss)
#   Set larger code cache with -XX:ReservedCodeCacheSize=
#   JVM is running with Unscaled Compressed Oops mode in which the Java heap is
#     placed in the first 4GB address space. The Java Heap base address is the
#     maximum limit for the native heap growth. Please use -XX:HeapBaseMinAddress
#     to set the Java Heap base and to place the Java Heap above 4GB virtual address.
# This output file may be truncated or incomplete.
#
#  Out of Memory Error (t:/workspace/open/src/hotspot/share/memory/arena.cpp:81), pid=17624, tid=8944
#
# JRE version: Java(TM) SE Runtime Environment (11.0.5+10) (build 11.0.5+10-LTS)
# Java VM: Java HotSpot(TM) 64-Bit Server VM (11.0.5+10-LTS, mixed mode, tiered, compressed oops, g1 gc, windows-amd64)
# No core dump will be written. Minidumps are not enabled by default on client versions of Windows
#

---------------  S U M M A R Y ------------

Command Line: -Dfile.encoding=windows-1252 -Duser.country=IN -Duser.language=en -Duser.variant com.tgt.rysetii.learningresourcesapi.LearningresourcesApiApplication

Host: Intel(R) Core(TM) i5-8250U CPU @ 1.60GHz, 8 cores, 3G,  Windows 10 , 64 bit Build 22000 (10.0.22000.708)
Time: Sat Jul 23 20:59:49 2022 India Standard Time elapsed time: 11 seconds (0d 0h 0m 11s)

---------------  T H R E A D  ---------------

Current thread (0x0000018055363000):  JavaThread "main" [_thread_in_vm, id=8944, stack(0x0000005e5e100000,0x0000005e5e200000)]

Stack: [0x0000005e5e100000,0x0000005e5e200000]
Native frames: (J=compiled Java code, j=interpreted, Vv=VM code, C=native code)
V  [jvm.dll+0x63611a]
V  [jvm.dll+0x77426f]
V  [jvm.dll+0x77591a]
V  [jvm.dll+0x775fd3]
V  [jvm.dll+0x25e608]
V  [jvm.dll+0xc215b]
V  [jvm.dll+0xc24bc]
V  [jvm.dll+0x1d9e67]
V  [jvm.dll+0x1dcdf8]
V  [jvm.dll+0x1d1f87]
V  [jvm.dll+0x5179e5]
V  [jvm.dll+0x70f5c9]
V  [jvm.dll+0x40f0a5]
V  [jvm.dll+0x415b2b]
C  [java.dll+0x19b8]

Java frames: (J=compiled Java code, j=interpreted, Vv=VM code)
J 1198  java.lang.ClassLoader.defineClass1(Ljava/lang/ClassLoader;Ljava/lang/String;[BIILjava/security/ProtectionDomain;Ljava/lang/String;)Ljava/lang/Class; java.base@11.0.5 (0 bytes) @ 0x0000018065208afb [0x0000018065208a40+0x00000000000000bb]
J 1072 c1 java.lang.ClassLoader.defineClass(Ljava/lang/String;[BIILjava/security/ProtectionDomain;)Ljava/lang/Class; java.base@11.0.5 (43 bytes) @ 0x000001805de758e4 [0x000001805de755a0+0x0000000000000344]
J 870 c1 jdk.internal.loader.BuiltinClassLoader.defineClass(Ljava/lang/String;Ljdk/internal/loader/Resource;)Ljava/lang/Class; java.base@11.0.5 (121 bytes) @ 0x000001805de14a44 [0x000001805de139c0+0x0000000000001084]
J 670 c1 jdk.internal.loader.BuiltinClassLoader.findClassOnClassPathOrNull(Ljava/lang/String;)Ljava/lang/Class; java.base@11.0.5 (64 bytes) @ 0x000001805ddb502c [0x000001805ddb4e40+0x00000000000001ec]
J 3454 c1 jdk.internal.loader.BuiltinClassLoader.loadClassOrNull(Ljava/lang/String;Z)Ljava/lang/Class; java.base@11.0.5 (143 bytes) @ 0x000001805e3cdef4 [0x000001805e3cda20+0x00000000000004d4]
J 578 c1 jdk.internal.loader.ClassLoaders$AppClassLoader.loadClass(Ljava/lang/String;Z)Ljava/lang/Class; java.base@11.0.5 (40 bytes) @ 0x000001805dd81984 [0x000001805dd813e0+0x00000000000005a4]
J 567 c1 java.lang.ClassLoader.loadClass(Ljava/lang/String;)Ljava/lang/Class; java.base@11.0.5 (7 bytes) @ 0x000001805dd7cdbc [0x000001805dd7ccc0+0x00000000000000fc]
v  ~StubRoutines::call_stub
j  org.hibernate.boot.registry.selector.internal.StrategySelectorBuilder.addCacheKeysFactories(Lorg/hibernate/boot/registry/selector/internal/StrategySelectorImpl;)V+5
j  org.hibernate.boot.registry.selector.internal.StrategySelectorBuilder.buildSelector(Lorg/hibernate/boot/registry/classloading/spi/ClassLoaderService;)Lorg/hibernate/boot/registry/selector/spi/StrategySelector;+52
j  org.hibernate.boot.registry.BootstrapServiceRegistryBuilder.build()Lorg/hibernate/boot/registry/BootstrapServiceRegistry;+81
j  org.hibernate.jpa.boot.internal.EntityManagerFactoryBuilderImpl.buildBootstrapServiceRegistry(Ljava/util/Map;Ljava/lang/ClassLoader;Lorg/hibernate/boot/registry/classloading/spi/ClassLoaderService;)Lorg/hibernate/boot/registry/BootstrapServiceRegistry;+364
j  org.hibernate.jpa.boot.internal.EntityManagerFactoryBuilderImpl.<init>(Lorg/hibernate/jpa/boot/spi/PersistenceUnitDescriptor;Ljava/util/Map;Ljava/lang/ClassLoader;Lorg/hibernate/boot/registry/classloading/spi/ClassLoaderService;)V+75
j  org.hibernate.jpa.boot.internal.EntityManagerFactoryBuilderImpl.<init>(Lorg/hibernate/jpa/boot/spi/PersistenceUnitDescriptor;Ljava/util/Map;)V+5
j  org.springframework.orm.jpa.vendor.SpringHibernateJpaPersistenceProvider.createContainerEntityManagerFactory(Ljavax/persistence/spi/PersistenceUnitInfo;Ljava/util/Map;)Ljavax/persistence/EntityManagerFactory;+52
j  org.springframework.orm.jpa.LocalContainerEntityManagerFactoryBean.createNativeEntityManagerFactory()Ljavax/persistence/EntityManagerFactory;+129
j  org.springframework.orm.jpa.AbstractEntityManagerFactoryBean.buildNativeEntityManagerFactory()Ljavax/persistence/EntityManagerFactory;+1
j  org.springframework.orm.jpa.AbstractEntityManagerFactoryBean.afterPropertiesSet()V+192
j  org.springframework.orm.jpa.LocalContainerEntityManagerFactoryBean.afterPropertiesSet()V+77
j  org.springframework.beans.factory.support.AbstractAutowireCapableBeanFactory.invokeInitMethods(Ljava/lang/String;Ljava/lang/Object;Lorg/springframework/beans/factory/support/RootBeanDefinition;)V+106
j  org.springframework.beans.factory.support.AbstractAutowireCapableBeanFactory.initializeBean(Ljava/lang/String;Ljava/lang/Object;Lorg/springframework/beans/factory/support/RootBeanDefinition;)Ljava/lang/Object;+59
j  org.springframework.beans.factory.support.AbstractAutowireCapableBeanFactory.doCreateBean(Ljava/lang/String;Lorg/springframework/beans/factory/support/RootBeanDefinition;[Ljava/lang/Object;)Ljava/lang/Object;+245
j  org.springframework.beans.factory.support.AbstractAutowireCapableBeanFactory.createBean(Ljava/lang/String;Lorg/springframework/beans/factory/support/RootBeanDefinition;[Ljava/lang/Object;)Ljava/lang/Object;+169
j  org.springframework.beans.factory.support.AbstractBeanFactory.lambda$doGetBean$0(Ljava/lang/String;Lorg/springframework/beans/factory/support/RootBeanDefinition;[Ljava/lang/Object;)Ljava/lang/Object;+4
j  org.springframework.beans.factory.support.AbstractBeanFactory$$Lambda$235.getObject()Ljava/lang/Object;+16
j  org.springframework.beans.factory.support.DefaultSingletonBeanRegistry.getSingleton(Ljava/lang/String;Lorg/springframework/beans/factory/ObjectFactory;)Ljava/lang/Object;+132
J 2438 c1 org.springframework.beans.factory.support.AbstractBeanFactory.doGetBean(Ljava/lang/String;Ljava/lang/Class;[Ljava/lang/Object;Z)Ljava/lang/Object; (832 bytes) @ 0x000001805e0fe494 [0x000001805e0fde00+0x0000000000000694]
j  org.springframework.beans.factory.support.AbstractBeanFactory.getBean(Ljava/lang/String;)Ljava/lang/Object;+5
j  org.springframework.context.support.AbstractApplicationContext.getBean(Ljava/lang/String;)Ljava/lang/Object;+9
j  org.springframework.context.support.AbstractApplicationContext.finishBeanFactoryInitialization(Lorg/springframework/beans/factory/config/ConfigurableListableBeanFactory;)V+100
j  org.springframework.context.support.AbstractApplicationContext.refresh()V+86
j  org.springframework.boot.web.servlet.context.ServletWebServerApplicationContext.refresh()V+1
j  org.springframework.boot.SpringApplication.refresh(Lorg/springframework/context/ConfigurableApplicationContext;)V+1
j  org.springframework.boot.SpringApplication.refreshContext(Lorg/springframework/context/ConfigurableApplicationContext;)V+16
j  org.springframework.boot.SpringApplication.run([Ljava/lang/String;)Lorg/springframework/context/ConfigurableApplicationContext;+107
j  org.springframework.boot.SpringApplication.run([Ljava/lang/Class;[Ljava/lang/String;)Lorg/springframework/context/ConfigurableApplicationContext;+9
j  org.springframework.boot.SpringApplication.run(Ljava/lang/Class;[Ljava/lang/String;)Lorg/springframework/context/ConfigurableApplicationContext;+9
j  com.tgt.rysetii.learningresourcesapi.LearningresourcesApiApplication.main([Ljava/lang/String;)V+3
v  ~StubRoutines::call_stub

---------------  P R O C E S S  ---------------

Threads class SMR info:
_java_thread_list=0x00000180758815b0, length=15, elements={
0x0000018055363000, 0x000001807193e800, 0x0000018071969800, 0x00000180719c0800,
0x00000180719c4000, 0x00000180719c6000, 0x00000180719d4800, 0x00000180719d6000,
0x0000018072435000, 0x000001807243c000, 0x0000018072cf8000, 0x0000018075c83000,
0x000001807547a000, 0x0000018072d82000, 0x00000180754c4800
}

Java Threads: ( => current thread )
=>0x0000018055363000 JavaThread "main" [_thread_in_vm, id=8944, stack(0x0000005e5e100000,0x0000005e5e200000)]
  0x000001807193e800 JavaThread "Reference Handler" daemon [_thread_blocked, id=16632, stack(0x0000005e5e800000,0x0000005e5e900000)]
  0x0000018071969800 JavaThread "Finalizer" daemon [_thread_blocked, id=10580, stack(0x0000005e5e900000,0x0000005e5ea00000)]
  0x00000180719c0800 JavaThread "Signal Dispatcher" daemon [_thread_blocked, id=12268, stack(0x0000005e5ea00000,0x0000005e5eb00000)]
  0x00000180719c4000 JavaThread "Attach Listener" daemon [_thread_blocked, id=9020, stack(0x0000005e5eb00000,0x0000005e5ec00000)]
  0x00000180719c6000 JavaThread "C2 CompilerThread0" daemon [_thread_in_native, id=7944, stack(0x0000005e5ec00000,0x0000005e5ed00000)]
  0x00000180719d4800 JavaThread "C1 CompilerThread0" daemon [_thread_blocked, id=12696, stack(0x0000005e5ed00000,0x0000005e5ee00000)]
  0x00000180719d6000 JavaThread "Sweeper thread" daemon [_thread_blocked, id=1564, stack(0x0000005e5ee00000,0x0000005e5ef00000)]
  0x0000018072435000 JavaThread "Service Thread" daemon [_thread_blocked, id=12744, stack(0x0000005e5ef00000,0x0000005e5f000000)]
  0x000001807243c000 JavaThread "Common-Cleaner" daemon [_thread_blocked, id=10944, stack(0x0000005e5f100000,0x0000005e5f200000)]
  0x0000018072cf8000 JavaThread "HikariPool-1 housekeeper" daemon [_thread_blocked, id=11500, stack(0x0000005e5f300000,0x0000005e5f400000)]
  0x0000018075c83000 JavaThread "HikariPool-1 connection adder" daemon [_thread_blocked, id=10840, stack(0x0000005e5f700000,0x0000005e5f800000)]
  0x000001807547a000 JavaThread "Catalina-utility-1" [_thread_blocked, id=5664, stack(0x0000005e5f800000,0x0000005e5f900000)]
  0x0000018072d82000 JavaThread "Catalina-utility-2" [_thread_blocked, id=9116, stack(0x0000005e5f900000,0x0000005e5fa00000)]
  0x00000180754c4800 JavaThread "container-0" [_thread_blocked, id=4124, stack(0x0000005e5fa00000,0x0000005e5fb00000)]

Other Threads:
  0x000001807193c800 VMThread "VM Thread" [stack: 0x0000005e5e700000,0x0000005e5e800000] [id=5976]
  0x000001807243d800 WatcherThread [stack: 0x0000005e5f000000,0x0000005e5f100000] [id=3736]
  0x000001805537a000 GCTaskThread "GC Thread#0" [stack: 0x0000005e5e200000,0x0000005e5e300000] [id=9484]
  0x0000018073105800 GCTaskThread "GC Thread#1" [stack: 0x0000005e5f200000,0x0000005e5f300000] [id=7628]
  0x000001807335a000 GCTaskThread "GC Thread#2" [stack: 0x0000005e5f400000,0x0000005e5f500000] [id=9896]
  0x0000018073233800 GCTaskThread "GC Thread#3" [stack: 0x0000005e5f500000,0x0000005e5f600000] [id=12428]
  0x00000180728e9800 GCTaskThread "GC Thread#4" [stack: 0x0000005e5fb00000,0x0000005e5fc00000] [id=2372]
  0x0000018075a7d800 GCTaskThread "GC Thread#5" [stack: 0x0000005e5fc00000,0x0000005e5fd00000] [id=16012]
  0x0000018075a5f800 GCTaskThread "GC Thread#6" [stack: 0x0000005e5fd00000,0x0000005e5fe00000] [id=6968]
  0x0000018075a60800 GCTaskThread "GC Thread#7" [stack: 0x0000005e5fe00000,0x0000005e5ff00000] [id=17984]
  0x0000018055398800 ConcurrentGCThread "G1 Main Marker" [stack: 0x0000005e5e300000,0x0000005e5e400000] [id=12736]
  0x000001805539a000 ConcurrentGCThread "G1 Conc#0" [stack: 0x0000005e5e400000,0x0000005e5e500000] [id=15768]
  0x0000018073245800 ConcurrentGCThread "G1 Conc#1" [stack: 0x0000005e5f600000,0x0000005e5f700000] [id=4964]
  0x0000018055406000 ConcurrentGCThread "G1 Refine#0" [stack: 0x0000005e5e500000,0x0000005e5e600000] [id=17480]
  0x0000018055407000 ConcurrentGCThread "G1 Young RemSet Sampling" [stack: 0x0000005e5e600000,0x0000005e5e700000] [id=11764]

Threads with active compile tasks:
C2 CompilerThread03522       4       org.springframework.beans.factory.support.AbstractBeanFactory::isTypeMatch (607 bytes)

VM state:not at safepoint (normal execution)

VM Mutex/Monitor currently owned by a thread: None

Heap address: 0x00000000c1600000, size: 1002 MB, Compressed Oops mode: 32-bit
Narrow klass base: 0x0000000000000000, Narrow klass shift: 3
Compressed class space size: 1073741824 Address: 0x0000000100000000

Heap:
 garbage-first heap   total 65536K, used 17972K [0x00000000c1600000, 0x0000000100000000)
  region size 1024K, 6 young (6144K), 3 survivors (3072K)
 Metaspace       used 42646K, capacity 43751K, committed 43904K, reserved 1087488K
  class space    used 4998K, capacity 5449K, committed 5504K, reserved 1048576K
Heap Regions: E=young(eden), S=young(survivor), O=old, HS=humongous(starts), HC=humongous(continues), CS=collection set, F=free, A=archive, TAMS=top-at-mark-start (previous, next)
|   0|0x00000000c1600000, 0x00000000c1700000, 0x00000000c1700000|100%|HS|  |TAMS 0x00000000c1700000, 0x00000000c1600000| Complete 
|   1|0x00000000c1700000, 0x00000000c1800000, 0x00000000c1800000|100%| O|  |TAMS 0x00000000c1800000, 0x00000000c1700000| Untracked 
|   2|0x00000000c1800000, 0x00000000c1900000, 0x00000000c1900000|100%| O|  |TAMS 0x00000000c1900000, 0x00000000c1800000| Untracked 
|   3|0x00000000c1900000, 0x00000000c1a00000, 0x00000000c1a00000|100%| O|  |TAMS 0x00000000c1a00000, 0x00000000c1900000| Untracked 
|   4|0x00000000c1a00000, 0x00000000c1b00000, 0x00000000c1b00000|100%| O|  |TAMS 0x00000000c1b00000, 0x00000000c1a00000| Untracked 
|   5|0x00000000c1b00000, 0x00000000c1c00000, 0x00000000c1c00000|100%| O|  |TAMS 0x00000000c1c00000, 0x00000000c1b00000| Untracked 
|   6|0x00000000c1c00000, 0x00000000c1d00000, 0x00000000c1d00000|100%| O|  |TAMS 0x00000000c1d00000, 0x00000000c1c00000| Untracked 
|   7|0x00000000c1d00000, 0x00000000c1e00000, 0x00000000c1e00000|100%| O|  |TAMS 0x00000000c1e00000, 0x00000000c1d00000| Untracked 
|   8|0x00000000c1e00000, 0x00000000c1f00000, 0x00000000c1f00000|100%| O|  |TAMS 0x00000000c1f00000, 0x00000000c1e00000| Untracked 
|   9|0x00000000c1f00000, 0x00000000c2000000, 0x00000000c2000000|100%| O|  |TAMS 0x00000000c2000000, 0x00000000c1f00000| Untracked 
|  10|0x00000000c2000000, 0x00000000c2100000, 0x00000000c2100000|100%| O|  |TAMS 0x00000000c2100000, 0x00000000c2000000| Untracked 
|  11|0x00000000c2100000, 0x00000000c2200000, 0x00000000c2200000|100%| O|  |TAMS 0x00000000c2200000, 0x00000000c2100000| Untracked 
|  12|0x00000000c2200000, 0x00000000c2300000, 0x00000000c2300000|100%| O|  |TAMS 0x00000000c2300000, 0x00000000c2200000| Untracked 
|  13|0x00000000c2300000, 0x00000000c2311a00, 0x00000000c2400000|  6%| O|  |TAMS 0x00000000c2311a00, 0x00000000c2300000| Untracked 
|  14|0x00000000c2400000, 0x00000000c2400000, 0x00000000c2500000|  0%| F|  |TAMS 0x00000000c2400000, 0x00000000c2400000| Untracked 
|  15|0x00000000c2500000, 0x00000000c2500000, 0x00000000c2600000|  0%| F|  |TAMS 0x00000000c2500000, 0x00000000c2500000| Untracked 
|  16|0x00000000c2600000, 0x00000000c2600000, 0x00000000c2700000|  0%| F|  |TAMS 0x00000000c2600000, 0x00000000c2600000| Untracked 
|  17|0x00000000c2700000, 0x00000000c2700000, 0x00000000c2800000|  0%| F|  |TAMS 0x00000000c2700000, 0x00000000c2700000| Untracked 
|  18|0x00000000c2800000, 0x00000000c2800000, 0x00000000c2900000|  0%| F|  |TAMS 0x00000000c2800000, 0x00000000c2800000| Untracked 
|  19|0x00000000c2900000, 0x00000000c2900000, 0x00000000c2a00000|  0%| F|  |TAMS 0x00000000c2900000, 0x00000000c2900000| Untracked 
|  20|0x00000000c2a00000, 0x00000000c2a00000, 0x00000000c2b00000|  0%| F|  |TAMS 0x00000000c2a00000, 0x00000000c2a00000| Untracked 
|  21|0x00000000c2b00000, 0x00000000c2b00000, 0x00000000c2c00000|  0%| F|  |TAMS 0x00000000c2b00000, 0x00000000c2b00000| Untracked 
|  22|0x00000000c2c00000, 0x00000000c2c00000, 0x00000000c2d00000|  0%| F|  |TAMS 0x00000000c2c00000, 0x00000000c2c00000| Untracked 
|  23|0x00000000c2d00000, 0x00000000c2d00000, 0x00000000c2e00000|  0%| F|  |TAMS 0x00000000c2d00000, 0x00000000c2d00000| Untracked 
|  24|0x00000000c2e00000, 0x00000000c2e00000, 0x00000000c2f00000|  0%| F|  |TAMS 0x00000000c2e00000, 0x00000000c2e00000| Untracked 
|  25|0x00000000c2f00000, 0x00000000c2f00000, 0x00000000c3000000|  0%| F|  |TAMS 0x00000000c2f00000, 0x00000000c2f00000| Untracked 
|  26|0x00000000c3000000, 0x00000000c307b8b0, 0x00000000c3100000| 48%| S|CS|TAMS 0x00000000c3000000, 0x00000000c3000000| Complete 
|  27|0x00000000c3100000, 0x00000000c3200000, 0x00000000c3200000|100%| S|CS|TAMS 0x00000000c3100000, 0x00000000c3100000| Complete 
|  28|0x00000000c3200000, 0x00000000c3300000, 0x00000000c3300000|100%| S|CS|TAMS 0x00000000c3200000, 0x00000000c3200000| Complete 
|  29|0x00000000c3300000, 0x00000000c3300000, 0x00000000c3400000|  0%| F|  |TAMS 0x00000000c3300000, 0x00000000c3300000| Untracked 
|  30|0x00000000c3400000, 0x00000000c3400000, 0x00000000c3500000|  0%| F|  |TAMS 0x00000000c3400000, 0x00000000c3400000| Untracked 
|  31|0x00000000c3500000, 0x00000000c3500000, 0x00000000c3600000|  0%| F|  |TAMS 0x00000000c3500000, 0x00000000c3500000| Untracked 
|  32|0x00000000c3600000, 0x00000000c3600000, 0x00000000c3700000|  0%| F|  |TAMS 0x00000000c3600000, 0x00000000c3600000| Untracked 
|  33|0x00000000c3700000, 0x00000000c3700000, 0x00000000c3800000|  0%| F|  |TAMS 0x00000000c3700000, 0x00000000c3700000| Untracked 
|  34|0x00000000c3800000, 0x00000000c3800000, 0x00000000c3900000|  0%| F|  |TAMS 0x00000000c3800000, 0x00000000c3800000| Untracked 
|  35|0x00000000c3900000, 0x00000000c3900000, 0x00000000c3a00000|  0%| F|  |TAMS 0x00000000c3900000, 0x00000000c3900000| Untracked 
|  36|0x00000000c3a00000, 0x00000000c3a00000, 0x00000000c3b00000|  0%| F|  |TAMS 0x00000000c3a00000, 0x00000000c3a00000| Untracked 
|  37|0x00000000c3b00000, 0x00000000c3b00000, 0x00000000c3c00000|  0%| F|  |TAMS 0x00000000c3b00000, 0x00000000c3b00000| Untracked 
|  38|0x00000000c3c00000, 0x00000000c3c00000, 0x00000000c3d00000|  0%| F|  |TAMS 0x00000000c3c00000, 0x00000000c3c00000| Untracked 
|  39|0x00000000c3d00000, 0x00000000c3d00000, 0x00000000c3e00000|  0%| F|  |TAMS 0x00000000c3d00000, 0x00000000c3d00000| Untracked 
|  40|0x00000000c3e00000, 0x00000000c3e00000, 0x00000000c3f00000|  0%| F|  |TAMS 0x00000000c3e00000, 0x00000000c3e00000| Untracked 
|  41|0x00000000c3f00000, 0x00000000c3f00000, 0x00000000c4000000|  0%| F|  |TAMS 0x00000000c3f00000, 0x00000000c3f00000| Untracked 
|  42|0x00000000c4000000, 0x00000000c4000000, 0x00000000c4100000|  0%| F|  |TAMS 0x00000000c4000000, 0x00000000c4000000| Untracked 
|  43|0x00000000c4100000, 0x00000000c4100000, 0x00000000c4200000|  0%| F|  |TAMS 0x00000000c4100000, 0x00000000c4100000| Untracked 
|  44|0x00000000c4200000, 0x00000000c4200000, 0x00000000c4300000|  0%| F|  |TAMS 0x00000000c4200000, 0x00000000c4200000| Untracked 
|  45|0x00000000c4300000, 0x00000000c4300000, 0x00000000c4400000|  0%| F|  |TAMS 0x00000000c4300000, 0x00000000c4300000| Untracked 
|  46|0x00000000c4400000, 0x00000000c4400000, 0x00000000c4500000|  0%| F|  |TAMS 0x00000000c4400000, 0x00000000c4400000| Untracked 
|  47|0x00000000c4500000, 0x00000000c4500000, 0x00000000c4600000|  0%| F|  |TAMS 0x00000000c4500000, 0x00000000c4500000| Untracked 
|  48|0x00000000c4600000, 0x00000000c4600000, 0x00000000c4700000|  0%| F|  |TAMS 0x00000000c4600000, 0x00000000c4600000| Untracked 
|  49|0x00000000c4700000, 0x00000000c4700000, 0x00000000c4800000|  0%| F|  |TAMS 0x00000000c4700000, 0x00000000c4700000| Untracked 
|  50|0x00000000c4800000, 0x00000000c4800000, 0x00000000c4900000|  0%| F|  |TAMS 0x00000000c4800000, 0x00000000c4800000| Untracked 
|  51|0x00000000c4900000, 0x00000000c4900000, 0x00000000c4a00000|  0%| F|  |TAMS 0x00000000c4900000, 0x00000000c4900000| Untracked 
|  52|0x00000000c4a00000, 0x00000000c4a00000, 0x00000000c4b00000|  0%| F|  |TAMS 0x00000000c4a00000, 0x00000000c4a00000| Untracked 
|  53|0x00000000c4b00000, 0x00000000c4b00000, 0x00000000c4c00000|  0%| F|  |TAMS 0x00000000c4b00000, 0x00000000c4b00000| Untracked 
|  54|0x00000000c4c00000, 0x00000000c4c00000, 0x00000000c4d00000|  0%| F|  |TAMS 0x00000000c4c00000, 0x00000000c4c00000| Untracked 
|  55|0x00000000c4d00000, 0x00000000c4d00000, 0x00000000c4e00000|  0%| F|  |TAMS 0x00000000c4d00000, 0x00000000c4d00000| Untracked 
|  56|0x00000000c4e00000, 0x00000000c4e00000, 0x00000000c4f00000|  0%| F|  |TAMS 0x00000000c4e00000, 0x00000000c4e00000| Untracked 
|  57|0x00000000c4f00000, 0x00000000c4f00000, 0x00000000c5000000|  0%| F|  |TAMS 0x00000000c4f00000, 0x00000000c4f00000| Untracked 
|  58|0x00000000c5000000, 0x00000000c5000000, 0x00000000c5100000|  0%| F|  |TAMS 0x00000000c5000000, 0x00000000c5000000| Untracked 
|  59|0x00000000c5100000, 0x00000000c5100000, 0x00000000c5200000|  0%| F|  |TAMS 0x00000000c5100000, 0x00000000c5100000| Untracked 
|  60|0x00000000c5200000, 0x00000000c5200000, 0x00000000c5300000|  0%| F|  |TAMS 0x00000000c5200000, 0x00000000c5200000| Untracked 
|  61|0x00000000c5300000, 0x00000000c5400000, 0x00000000c5400000|100%| E|  |TAMS 0x00000000c5300000, 0x00000000c5300000| Complete 
|  62|0x00000000c5400000, 0x00000000c5500000, 0x00000000c5500000|100%| E|CS|TAMS 0x00000000c5400000, 0x00000000c5400000| Complete 
|  63|0x00000000c5500000, 0x00000000c5600000, 0x00000000c5600000|100%| E|CS|TAMS 0x00000000c5500000, 0x00000000c5500000| Complete 

Card table byte_map: [0x000001806cc00000,0x000001806ce00000] _byte_map_base: 0x000001806c5f5000

Marking Bits (Prev, Next): (CMBitMap*) 0x0000018055391d58, (CMBitMap*) 0x0000018055391d90
 Prev Bits: [0x000001806d000000, 0x000001806dfa8000)
 Next Bits: [0x000001806dfb0000, 0x000001806ef58000)

Polling page: 0x0000018053330000

Metaspace:

Usage:
  Non-class:     37.40 MB capacity,    36.77 MB ( 98%) used,   518.09 KB (  1%) free+waste,   135.25 KB ( <1%) overhead. 
      Class:      5.32 MB capacity,     4.88 MB ( 92%) used,   386.85 KB (  7%) free+waste,    64.00 KB (  1%) overhead. 
       Both:     42.73 MB capacity,    41.65 MB ( 97%) used,   904.94 KB (  2%) free+waste,   199.25 KB ( <1%) overhead. 

Virtual space:
  Non-class space:       38.00 MB reserved,      37.50 MB ( 99%) committed 
      Class space:        1.00 GB reserved,       5.38 MB ( <1%) committed 
             Both:        1.04 GB reserved,      42.88 MB (  4%) committed 

Chunk freelists:
   Non-Class:  4.25 KB
       Class:  2.88 KB
        Both:  7.13 KB

CodeHeap 'non-profiled nmethods': size=120000Kb used=1519Kb max_used=1519Kb free=118480Kb
 bounds [0x00000180651a0000, 0x0000018065410000, 0x000001806c6d0000]
CodeHeap 'profiled nmethods': size=120000Kb used=8028Kb max_used=8028Kb free=111971Kb
 bounds [0x000001805dc70000, 0x000001805e450000, 0x00000180651a0000]
CodeHeap 'non-nmethods': size=5760Kb used=1172Kb max_used=1206Kb free=4587Kb
 bounds [0x000001805d6d0000, 0x000001805d940000, 0x000001805dc70000]
 total_blobs=4749 nmethods=3372 adapters=428
 compilation: enabled
              stopped_count=0, restarted_count=0
 full_count=0

Compilation events (10 events):
Event: 11.079 Thread 0x00000180719d4800 3588       3       org.springframework.util.AntPathMatcher$AntPathStringMatcher::matchStrings (214 bytes)
Event: 11.083 Thread 0x00000180719d4800 nmethod 3588 0x000001805e42f310 code [0x000001805e42f760, 0x000001805e4312d0]
Event: 11.083 Thread 0x00000180719d4800 3590       3       java.net.URLStreamHandler::parseURL (1201 bytes)
Event: 11.129 Thread 0x00000180719d4800 nmethod 3590 0x000001805e431d10 code [0x000001805e432fc0, 0x000001805e43e590]
Event: 11.129 Thread 0x00000180719d4800 3591   !   3       java.net.URL::<init> (543 bytes)
Event: 11.137 Thread 0x00000180719d4800 nmethod 3591 0x000001805e442910 code [0x000001805e442fe0, 0x000001805e446c50]
Event: 11.137 Thread 0x00000180719d4800 3589       3       java.lang.Character::isLowSurrogate (18 bytes)
Event: 11.138 Thread 0x00000180719d4800 nmethod 3589 0x000001805e448c90 code [0x000001805e448e40, 0x000001805e449018]
Event: 11.193 Thread 0x00000180719d4800 3592       3       jdk.internal.loader.URLClassPath$1::next (59 bytes)
Event: 11.194 Thread 0x00000180719d4800 nmethod 3592 0x000001805e449090 code [0x000001805e449280, 0x000001805e4496c0]

GC Heap History (10 events):
Event: 7.405 GC heap before
{Heap before GC invocations=6 (full 0):
 garbage-first heap   total 65536K, used 45827K [0x00000000c1600000, 0x0000000100000000)
  region size 1024K, 38 young (38912K), 2 survivors (2048K)
 Metaspace       used 28034K, capacity 28824K, committed 28928K, reserved 1075200K
  class space    used 3190K, capacity 3486K, committed 3584K, reserved 1048576K
}
Event: 7.416 GC heap after
{Heap after GC invocations=7 (full 0):
 garbage-first heap   total 65536K, used 10565K [0x00000000c1600000, 0x0000000100000000)
  region size 1024K, 3 young (3072K), 3 survivors (3072K)
 Metaspace       used 28034K, capacity 28824K, committed 28928K, reserved 1075200K
  class space    used 3190K, capacity 3486K, committed 3584K, reserved 1048576K
}
Event: 9.646 GC heap before
{Heap before GC invocations=7 (full 0):
 garbage-first heap   total 65536K, used 46405K [0x00000000c1600000, 0x0000000100000000)
  region size 1024K, 38 young (38912K), 3 survivors (3072K)
 Metaspace       used 34584K, capacity 35557K, committed 35712K, reserved 1081344K
  class space    used 4036K, capacity 4446K, committed 4480K, reserved 1048576K
}
Event: 9.665 GC heap after
{Heap after GC invocations=8 (full 0):
 garbage-first heap   total 65536K, used 13521K [0x00000000c1600000, 0x0000000100000000)
  region size 1024K, 5 young (5120K), 5 survivors (5120K)
 Metaspace       used 34584K, capacity 35557K, committed 35712K, reserved 1081344K
  class space    used 4036K, capacity 4446K, committed 4480K, reserved 1048576K
}
Event: 9.715 GC heap before
{Heap before GC invocations=8 (full 0):
 garbage-first heap   total 65536K, used 46289K [0x00000000c1600000, 0x0000000100000000)
  region size 1024K, 38 young (38912K), 5 survivors (5120K)
 Metaspace       used 34672K, capacity 35685K, committed 35840K, reserved 1081344K
  class space    used 4043K, capacity 4446K, committed 4480K, reserved 1048576K
}
Event: 9.732 GC heap after
{Heap after GC invocations=9 (full 0):
 garbage-first heap   total 65536K, used 14236K [0x00000000c1600000, 0x0000000100000000)
  region size 1024K, 1 young (1024K), 1 survivors (1024K)
 Metaspace       used 34672K, capacity 35685K, committed 35840K, reserved 1081344K
  class space    used 4043K, capacity 4446K, committed 4480K, reserved 1048576K
}
Event: 9.910 GC heap before
{Heap before GC invocations=9 (full 0):
 garbage-first heap   total 65536K, used 20380K [0x00000000c1600000, 0x0000000100000000)
  region size 1024K, 9 young (9216K), 1 survivors (1024K)
 Metaspace       used 34736K, capacity 35749K, committed 35840K, reserved 1081344K
  class space    used 4048K, capacity 4446K, committed 4480K, reserved 1048576K
}
Event: 9.914 GC heap after
{Heap after GC invocations=10 (full 0):
 garbage-first heap   total 65536K, used 13630K [0x00000000c1600000, 0x0000000100000000)
  region size 1024K, 1 young (1024K), 1 survivors (1024K)
 Metaspace       used 34736K, capacity 35749K, committed 35840K, reserved 1081344K
  class space    used 4048K, capacity 4446K, committed 4480K, reserved 1048576K
}
Event: 11.113 GC heap before
{Heap before GC invocations=11 (full 0):
 garbage-first heap   total 65536K, used 48446K [0x00000000c1600000, 0x0000000100000000)
  region size 1024K, 35 young (35840K), 1 survivors (1024K)
 Metaspace       used 41896K, capacity 42981K, committed 43136K, reserved 1087488K
  class space    used 4928K, capacity 5384K, committed 5504K, reserved 1048576K
}
Event: 11.120 GC heap after
{Heap after GC invocations=12 (full 0):
 garbage-first heap   total 65536K, used 15924K [0x00000000c1600000, 0x0000000100000000)
  region size 1024K, 3 young (3072K), 3 survivors (3072K)
 Metaspace       used 41896K, capacity 42981K, committed 43136K, reserved 1087488K
  class space    used 4928K, capacity 5384K, committed 5504K, reserved 1048576K
}

Deoptimization events (10 events):
Event: 10.021 Thread 0x0000018055363000 Uncommon trap: reason=unstable_if action=reinterpret pc=0x000001806529bc58 method=java.util.HashMap.putVal(ILjava/lang/Object;Ljava/lang/Object;ZZ)Ljava/lang/Object; @ 162 c2
Event: 10.134 Thread 0x0000018055363000 Uncommon trap: reason=unstable_if action=reinterpret pc=0x00000180651e75a8 method=java.util.jar.JarFile.getVersionedEntry(Ljava/lang/String;Ljava/util/jar/JarEntry;)Ljava/util/jar/JarEntry; @ 7 c2
Event: 10.730 Thread 0x0000018055363000 Uncommon trap: reason=unstable_if action=reinterpret pc=0x00000180652f88d8 method=java.lang.ThreadLocal$ThreadLocalMap.getEntry(Ljava/lang/ThreadLocal;)Ljava/lang/ThreadLocal$ThreadLocalMap$Entry; @ 29 c2
Event: 10.761 Thread 0x0000018055363000 Uncommon trap: reason=profile_predicate action=maybe_recompile pc=0x000001806530fdd0 method=java.lang.PublicMethods$MethodList.filter([Ljava/lang/reflect/Method;Ljava/lang/String;[Ljava/lang/Class;Z)Ljava/lang/PublicMethods$MethodList; @ 21 c2
Event: 10.761 Thread 0x0000018055363000 Uncommon trap: reason=profile_predicate action=maybe_recompile pc=0x000001806530fdd0 method=java.lang.PublicMethods$MethodList.filter([Ljava/lang/reflect/Method;Ljava/lang/String;[Ljava/lang/Class;Z)Ljava/lang/PublicMethods$MethodList; @ 21 c2
Event: 10.761 Thread 0x0000018055363000 Uncommon trap: reason=profile_predicate action=maybe_recompile pc=0x000001806530fdd0 method=java.lang.PublicMethods$MethodList.filter([Ljava/lang/reflect/Method;Ljava/lang/String;[Ljava/lang/Class;Z)Ljava/lang/PublicMethods$MethodList; @ 21 c2
Event: 10.762 Thread 0x0000018055363000 Uncommon trap: reason=profile_predicate action=maybe_recompile pc=0x000001806530fdd0 method=java.lang.PublicMethods$MethodList.filter([Ljava/lang/reflect/Method;Ljava/lang/String;[Ljava/lang/Class;Z)Ljava/lang/PublicMethods$MethodList; @ 21 c2
Event: 11.047 Thread 0x0000018055363000 Uncommon trap: reason=null_check action=make_not_entrant pc=0x00000180652a0640 method=org.springframework.beans.factory.support.DefaultListableBeanFactory.getBeanDefinition(Ljava/lang/String;)Lorg/springframework/beans/factory/config/BeanDefinition; @ 10 
Event: 11.078 Thread 0x0000018055363000 Uncommon trap: reason=unstable_if action=reinterpret pc=0x00000180652fdf2c method=java.net.URL.<init>(Ljava/net/URL;Ljava/lang/String;Ljava/net/URLStreamHandler;)V @ 57 c2
Event: 11.079 Thread 0x0000018055363000 Uncommon trap: reason=unstable_if action=reinterpret pc=0x0000018065309998 method=java.net.URLStreamHandler.parseURL(Ljava/net/URL;Ljava/lang/String;II)V @ 57 c2

Classes redefined (0 events):
No events

Internal exceptions (10 events):
Event: 9.378 Thread 0x0000018055363000 Exception <a 'java/lang/NoSuchMethodError'{0x00000000c3b8acf0}: java.lang.invoke.DirectMethodHandle$Holder.invokeStaticInit(Ljava/lang/Object;Ljava/lang/Object;IIII)Ljava/lang/Object;> (0x00000000c3b8acf0) thrown at [t:/workspace/open/src/hotspot/share/in
Event: 9.668 Thread 0x0000018055363000 Implicit null exception at 0x0000018065237e4c to 0x0000018065239d5a
Event: 10.131 Thread 0x0000018055363000 Exception <a 'java/io/FileNotFoundException'{0x00000000c54b47a0}> (0x00000000c54b47a0) thrown at [t:/workspace/open/src/hotspot/share/prims/jni.cpp, line 615]
Event: 10.131 Thread 0x0000018055363000 Exception <a 'java/io/FileNotFoundException'{0x00000000c54b5970}> (0x00000000c54b5970) thrown at [t:/workspace/open/src/hotspot/share/prims/jni.cpp, line 615]
Event: 10.189 Thread 0x0000018055363000 Exception <a 'java/lang/NoSuchMethodError'{0x00000000c513c318}: java.lang.invoke.DirectMethodHandle$Holder.invokeInterface(Ljava/lang/Object;Ljava/lang/Object;Ljava/lang/Object;Ljava/lang/Object;)I> (0x00000000c513c318) thrown at [t:/workspace/open/src/ho
Event: 10.472 Thread 0x0000018055363000 Exception <a 'java/lang/NoSuchMethodError'{0x00000000c48b8000}: java.lang.invoke.DirectMethodHandle$Holder.invokeStaticInit(Ljava/lang/Object;Ljava/lang/Object;Ljava/lang/Object;Ljava/lang/Object;Ljava/lang/Object;)V> (0x00000000c48b8000) thrown at [t:/wo
Event: 10.577 Thread 0x0000018055363000 Exception <a 'java/lang/NoSuchMethodError'{0x00000000c45a1050}: java.lang.invoke.DirectMethodHandle$Holder.newInvokeSpecial(Ljava/lang/Object;Ljava/lang/Object;Ljava/lang/Object;)Ljava/lang/Object;> (0x00000000c45a1050) thrown at [t:/workspace/open/src/ho
Event: 10.753 Thread 0x0000018055363000 Exception <a 'java/lang/NoSuchMethodError'{0x00000000c3e04450}: java.lang.invoke.DirectMethodHandle$Holder.invokeStaticInit(Ljava/lang/Object;Ljava/lang/Object;Ljava/lang/Object;Ljava/lang/Object;)Ljava/lang/Object;> (0x00000000c3e04450) thrown at [t:/wor
Event: 10.842 Thread 0x0000018055363000 Exception <a 'java/io/FileNotFoundException'{0x00000000c3cbad58}> (0x00000000c3cbad58) thrown at [t:/workspace/open/src/hotspot/share/prims/jni.cpp, line 615]
Event: 11.047 Thread 0x0000018055363000 Implicit null exception at 0x00000180652a03ef to 0x00000180652a0632

Events (10 events):
Event: 11.215 loading class org/hibernate/boot/model/naming/ImplicitNamingStrategyLegacyJpaImpl
Event: 11.215 loading class org/hibernate/boot/model/naming/ImplicitNamingStrategyLegacyJpaImpl done
Event: 11.215 loading class org/hibernate/boot/model/naming/ImplicitNamingStrategyLegacyHbmImpl
Event: 11.215 loading class org/hibernate/boot/model/naming/ImplicitNamingStrategyLegacyHbmImpl done
Event: 11.216 loading class org/hibernate/boot/model/naming/ImplicitNamingStrategyComponentPathImpl
Event: 11.216 loading class org/hibernate/boot/model/naming/ImplicitNamingStrategyComponentPathImpl done
Event: 11.216 loading class org/hibernate/cache/spi/CacheKeysFactory
Event: 11.216 loading class org/hibernate/cache/spi/CacheKeysFactory done
Event: 11.217 loading class org/hibernate/cache/internal/DefaultCacheKeysFactory
Event: 11.217 loading class org/hibernate/cache/internal/DefaultCacheKeysFactory done


Dynamic libraries:
0x00007ff6d1130000 - 0x00007ff6d1177000 	C:\Program Files\Java\jdk-11.0.5\bin\java.exe
0x00007fffe48e0000 - 0x00007fffe4ae9000 	C:\WINDOWS\SYSTEM32\ntdll.dll
0x00007fffe34a0000 - 0x00007fffe355d000 	C:\WINDOWS\System32\KERNEL32.DLL
0x00007fffe1e60000 - 0x00007fffe21d9000 	C:\WINDOWS\System32\KERNELBASE.dll
0x00007fffe3010000 - 0x00007fffe30be000 	C:\WINDOWS\System32\ADVAPI32.dll
0x00007fffe2c80000 - 0x00007fffe2d23000 	C:\WINDOWS\System32\msvcrt.dll
0x00007fffe2d90000 - 0x00007fffe2e2e000 	C:\WINDOWS\System32\sechost.dll
0x00007fffe31e0000 - 0x00007fffe3300000 	C:\WINDOWS\System32\RPCRT4.dll
0x00007fffe2770000 - 0x00007fffe291c000 	C:\WINDOWS\System32\USER32.dll
0x00007fffe1e30000 - 0x00007fffe1e56000 	C:\WINDOWS\System32\win32u.dll
0x00007fffe3470000 - 0x00007fffe3499000 	C:\WINDOWS\System32\GDI32.dll
0x00007fffe24f0000 - 0x00007fffe2602000 	C:\WINDOWS\System32\gdi32full.dll
0x00007fffe26d0000 - 0x00007fffe276d000 	C:\WINDOWS\System32\msvcp_win.dll
0x00007fffe21e0000 - 0x00007fffe22f1000 	C:\WINDOWS\System32\ucrtbase.dll
0x00007fffca3e0000 - 0x00007fffca685000 	C:\WINDOWS\WinSxS\amd64_microsoft.windows.common-controls_6595b64144ccf1df_6.0.22000.120_none_9d947278b86cc467\COMCTL32.dll
0x00007fffda850000 - 0x00007fffda85a000 	C:\WINDOWS\SYSTEM32\VERSION.dll
0x00007fffe47c0000 - 0x00007fffe47f1000 	C:\WINDOWS\System32\IMM32.DLL
0x00007fffbfdd0000 - 0x00007fffbfde6000 	C:\Program Files\Java\jdk-11.0.5\bin\vcruntime140.dll
0x00007fffa8bd0000 - 0x00007fffa8c7a000 	C:\Program Files\Java\jdk-11.0.5\bin\msvcp140.dll
0x00007fff96a00000 - 0x00007fff97528000 	C:\Program Files\Java\jdk-11.0.5\bin\server\jvm.dll
0x00007fffe2c70000 - 0x00007fffe2c78000 	C:\WINDOWS\System32\PSAPI.DLL
0x00007fffcbc00000 - 0x00007fffcbc09000 	C:\WINDOWS\SYSTEM32\WSOCK32.dll
0x00007fffdd250000 - 0x00007fffdd283000 	C:\WINDOWS\SYSTEM32\WINMM.dll
0x00007fffe3a30000 - 0x00007fffe3a9f000 	C:\WINDOWS\System32\WS2_32.dll
0x00007fffe0fb0000 - 0x00007fffe0fc8000 	C:\WINDOWS\SYSTEM32\kernel.appcore.dll
0x00007fffbf550000 - 0x00007fffbf561000 	C:\Program Files\Java\jdk-11.0.5\bin\verify.dll
0x00007fffdfa20000 - 0x00007fffdfc41000 	C:\WINDOWS\SYSTEM32\DBGHELP.DLL
0x00007fffcbb90000 - 0x00007fffcbbc1000 	C:\WINDOWS\SYSTEM32\dbgcore.DLL
0x00007fffe2300000 - 0x00007fffe237f000 	C:\WINDOWS\System32\bcryptPrimitives.dll
0x00007fffbd340000 - 0x00007fffbd369000 	C:\Program Files\Java\jdk-11.0.5\bin\java.dll
0x00007fffba730000 - 0x00007fffba746000 	C:\Program Files\Java\jdk-11.0.5\bin\zip.dll
0x00007fffd3ab0000 - 0x00007fffd3aba000 	C:\Program Files\Java\jdk-11.0.5\bin\jimage.dll
0x00007fffe3aa0000 - 0x00007fffe4258000 	C:\WINDOWS\System32\SHELL32.dll
0x00007fffdff40000 - 0x00007fffe07a7000 	C:\WINDOWS\SYSTEM32\windows.storage.dll
0x00007fffe3610000 - 0x00007fffe3989000 	C:\WINDOWS\System32\combase.dll
0x00007fffdfdd0000 - 0x00007fffdff36000 	C:\WINDOWS\SYSTEM32\wintypes.dll
0x00007fffe4260000 - 0x00007fffe434a000 	C:\WINDOWS\System32\SHCORE.dll
0x00007fffe2c10000 - 0x00007fffe2c6d000 	C:\WINDOWS\System32\shlwapi.dll
0x00007fffe1cf0000 - 0x00007fffe1d11000 	C:\WINDOWS\SYSTEM32\profapi.dll
0x00007fffba710000 - 0x00007fffba729000 	C:\Program Files\Java\jdk-11.0.5\bin\net.dll
0x00007fffdc460000 - 0x00007fffdc56c000 	C:\WINDOWS\SYSTEM32\WINHTTP.dll
0x00007fffe13e0000 - 0x00007fffe1447000 	C:\WINDOWS\system32\mswsock.dll
0x00007fffb83b0000 - 0x00007fffb83c3000 	C:\Program Files\Java\jdk-11.0.5\bin\nio.dll
0x00007fffdd820000 - 0x00007fffdd829000 	C:\Program Files\Java\jdk-11.0.5\bin\management.dll
0x00007fffdd7c0000 - 0x00007fffdd7cc000 	C:\Program Files\Java\jdk-11.0.5\bin\management_ext.dll
0x00007fffcbc10000 - 0x00007fffcbc27000 	C:\WINDOWS\system32\napinsp.dll
0x00007fffca130000 - 0x00007fffca14b000 	C:\WINDOWS\system32\pnrpnsp.dll
0x00007fffe0a90000 - 0x00007fffe0b78000 	C:\WINDOWS\SYSTEM32\DNSAPI.dll
0x00007fffe0a60000 - 0x00007fffe0a8d000 	C:\WINDOWS\SYSTEM32\IPHLPAPI.DLL
0x00007fffe3370000 - 0x00007fffe3379000 	C:\WINDOWS\System32\NSI.dll
0x00007fffca110000 - 0x00007fffca122000 	C:\WINDOWS\System32\winrnr.dll
0x00007fffca0e0000 - 0x00007fffca0f5000 	C:\WINDOWS\system32\wshbth.dll
0x00007fffca090000 - 0x00007fffca0af000 	C:\WINDOWS\system32\nlansp_c.dll
0x00007fffd9ad0000 - 0x00007fffd9ada000 	C:\Windows\System32\rasadhlp.dll
0x00007fffdab90000 - 0x00007fffdac11000 	C:\WINDOWS\System32\fwpuclnt.dll
0x00007fffe1620000 - 0x00007fffe1638000 	C:\WINDOWS\SYSTEM32\CRYPTSP.dll
0x00007fffe0f10000 - 0x00007fffe0f45000 	C:\WINDOWS\system32\rsaenh.dll
0x00007fffe14d0000 - 0x00007fffe14f9000 	C:\WINDOWS\SYSTEM32\USERENV.dll
0x00007fffe17a0000 - 0x00007fffe17c7000 	C:\WINDOWS\SYSTEM32\bcrypt.dll
0x00007fffe1640000 - 0x00007fffe164c000 	C:\WINDOWS\SYSTEM32\CRYPTBASE.dll
0x00007fffdc2d0000 - 0x00007fffdc2e9000 	C:\WINDOWS\SYSTEM32\dhcpcsvc6.DLL
0x00007fffdc7b0000 - 0x00007fffdc7ce000 	C:\WINDOWS\SYSTEM32\dhcpcsvc.DLL
0x00007fffd5370000 - 0x00007fffd537d000 	C:\Program Files\Java\jdk-11.0.5\bin\sunmscapi.dll
0x00007fffe2380000 - 0x00007fffe24e2000 	C:\WINDOWS\System32\CRYPT32.dll
0x00007fffe1770000 - 0x00007fffe1798000 	C:\WINDOWS\SYSTEM32\ncrypt.dll
0x00007fffe1730000 - 0x00007fffe1767000 	C:\WINDOWS\SYSTEM32\NTASN1.dll
0x00007fffd37a0000 - 0x00007fffd37c7000 	C:\Program Files\Java\jdk-11.0.5\bin\sunec.dll

dbghelp: loaded successfully - version: 4.0.5 - missing functions: none
symbol engine: initialized successfully - sym options: 0x614 - pdb path: .;C:\Program Files\Java\jdk-11.0.5\bin;C:\WINDOWS\SYSTEM32;C:\WINDOWS\WinSxS\amd64_microsoft.windows.common-controls_6595b64144ccf1df_6.0.22000.120_none_9d947278b86cc467;C:\Program Files\Java\jdk-11.0.5\bin\server

VM Arguments:
jvm_args: -Dfile.encoding=windows-1252 -Duser.country=IN -Duser.language=en -Duser.variant 
java_command: com.tgt.rysetii.learningresourcesapi.LearningresourcesApiApplication
java_class_path (initial): F:\java\learningresources-api\build\classes\java\main;F:\java\learningresources-api\build\resources\main;C:\Users\lenovo\.gradle\caches\modules-2\files-2.1\org.springframework.boot\spring-boot-starter-web\2.7.1\29f47f503f9955b1a9746870aeaebdba448416d\spring-boot-starter-web-2.7.1.jar;C:\Users\lenovo\.gradle\caches\modules-2\files-2.1\org.springframework.boot\spring-boot-starter-json\2.7.1\711889df8474d7f0271b1e25cd75a9249e0a4621\spring-boot-starter-json-2.7.1.jar;C:\Users\lenovo\.gradle\caches\modules-2\files-2.1\org.springframework.boot\spring-boot-starter-data-jpa\2.7.1\39e98264c195a06c8c29a63c24b6ce295ca10795\spring-boot-starter-data-jpa-2.7.1.jar;C:\Users\lenovo\.gradle\caches\modules-2\files-2.1\org.springframework.boot\spring-boot-starter-aop\2.7.1\e7c78497e3528ae3037c723259b4b0944994f03\spring-boot-starter-aop-2.7.1.jar;C:\Users\lenovo\.gradle\caches\modules-2\files-2.1\org.springframework.boot\spring-boot-starter-jdbc\2.7.1\bba8a72a8042cec0b7961f11b0b3332724f5845e\spring-boot-starter-jdbc-2.7.1.jar;C:\Users\lenovo\.gradle\caches\modules-2\files-2.1\org.springframework.boot\spring-boot-starter\2.7.1\48f7e04459ccc16d3532bfc486c1b6d629e6e0fc\spring-boot-starter-2.7.1.jar;C:\Users\lenovo\.gradle\caches\modules-2\files-2.1\com.h2database\h2\2.1.212\f3187885395bd0c0e0e83f96641bb630f368ee2f\h2-2.1.212.jar;C:\Users\lenovo\.gradle\caches\modules-2\files-2.1\org.springframework.boot\spring-boot-autoconfigure\2.7.1\923ad789b004e8cc17d67853b1e4d3db11946f0\spring-boot-autoconfigure-2.7.1.jar;C:\Users\lenovo\.gradle\caches\modules-2\files-2.1\org.springframework.boot\spring-boot\2.7.1\8e49b8e7e9ea470a7772f489532264732ab206a2\spring-boot-2.7.1.jar;C:\Users\lenovo\.gradle\caches\modules-2\files-2.1\org.springframework.boot\spring-boot-starter-logging\2.7.1\461cf82dc10505f47d3ce2146bd01721177cde4a\spring-boot-starter-logging-2.7.1.jar;C:\Users\lenovo\.gradle\caches\modules-2\files-2.1\org.springframework.boot\spring-boot-starter-tomcat\2.7.1\c99f
Launcher Type: SUN_STANDARD

[Global flags]
     intx CICompilerCount                          = 4                                         {product} {ergonomic}
     uint ConcGCThreads                            = 2                                         {product} {ergonomic}
     uint G1ConcRefinementThreads                  = 8                                         {product} {ergonomic}
   size_t G1HeapRegionSize                         = 1048576                                   {product} {ergonomic}
    uintx GCDrainStackTargetSize                   = 64                                        {product} {ergonomic}
   size_t InitialHeapSize                          = 67108864                                  {product} {ergonomic}
   size_t MarkStackSize                            = 4194304                                   {product} {ergonomic}
   size_t MaxHeapSize                              = 1050673152                                {product} {ergonomic}
   size_t MaxNewSize                               = 630194176                                 {product} {ergonomic}
   size_t MinHeapDeltaBytes                        = 1048576                                   {product} {ergonomic}
    uintx NonNMethodCodeHeapSize                   = 5836300                                {pd product} {ergonomic}
    uintx NonProfiledCodeHeapSize                  = 122910970                              {pd product} {ergonomic}
    uintx ProfiledCodeHeapSize                     = 122910970                              {pd product} {ergonomic}
    uintx ReservedCodeCacheSize                    = 251658240                              {pd product} {ergonomic}
     bool SegmentedCodeCache                       = true                                      {product} {ergonomic}
     bool UseCompressedClassPointers               = true                                 {lp64_product} {ergonomic}
     bool UseCompressedOops                        = true                                 {lp64_product} {ergonomic}
     bool UseG1GC                                  = true                                      {product} {ergonomic}
     bool UseLargePagesIndividualAllocation        = false                                  {pd product} {ergonomic}

Logging:
Log output configuration:
 #0: stdout all=warning uptime,level,tags
 #1: stderr all=off uptime,level,tags

Environment Variables:
CLASSPATH=C:\oraclexe\app\oracle\product\11.2.0\server\jdbc\lib\ojdbc6.jar;.
PATH=C:\oraclexe\app\oracle\product\11.2.0\server\bin;C:\Program Files (x86)\VMware\VMware Workstation\bin\;C:\Program Files\Python38\Scripts\;C:\Program Files\Python38\;C:\Program Files (x86)\Intel\iCLS Client\;C:\Program Files\Intel\iCLS Client\;C:\WINDOWS\system32;C:\WINDOWS;C:\WINDOWS\System32\Wbem;C:\WINDOWS\System32\WindowsPowerShell\v1.0\;C:\WINDOWS\System32\OpenSSH\;C:\Program Files (x86)\Intel\Intel(R) Management Engine Components\DAL;C:\Program Files\Intel\Intel(R) Management Engine Components\DAL;C:\Program Files (x86)\Intel\Intel(R) Management Engine Components\IPT;C:\Program Files\Intel\Intel(R) Management Engine Components\IPT;C:\Program Files\Git\cmd;C:\Program Files\Java\jdk-11.0.5\bin;C:\Program Files\JetBrains\IntelliJ IDEA Community Edition 2022.1.3\bin;
USERNAME=lenovo
OS=Windows_NT
PROCESSOR_IDENTIFIER=Intel64 Family 6 Model 142 Stepping 10, GenuineIntel



---------------  S Y S T E M  ---------------

OS: Windows 10 , 64 bit Build 22000 (10.0.22000.708)

CPU:total 8 (initial active 8) (4 cores per cpu, 2 threads per core) family 6 model 142 stepping 10, cmov, cx8, fxsr, mmx, sse, sse2, sse3, ssse3, sse4.1, sse4.2, popcnt, avx, avx2, aes, clmul, erms, 3dnowpref, lzcnt, ht, tsc, tscinvbit, bmi1, bmi2, adx, fma

Memory: 4k page, system-wide physical 4005M (290M free)
TotalPageFile size 8101M (AvailPageFile size 4M)
current process WorkingSet (physical memory assigned to process): 173M, peak: 176M
current process commit charge ("private bytes"): 221M, peak: 224M

vm_info: Java HotSpot(TM) 64-Bit Server VM (11.0.5+10-LTS) for windows-amd64 JRE (11.0.5+10-LTS), built on Oct  6 2019 12:37:14 by "mach5one" with MS VC++ 15.5 (VS2017)

END.
